        -:    0:Source:C:/msys64/mingw64/include/c++/10.3.0/ext/new_allocator.h
        -:    0:Graph:C:\Users\Asus\CLionProjects\laba6\cmake-build-debug-coverage\_deps\googletest-build\googletest\CMakeFiles\gtest.dir\src\gtest-all.cc.gcno
        -:    0:Data:C:\Users\Asus\CLionProjects\laba6\cmake-build-debug-coverage\_deps\googletest-build\googletest\CMakeFiles\gtest.dir\src\gtest-all.cc.gcda
        -:    0:Runs:1
        -:    1:// Allocator that wraps operator new -*- C++ -*-
        -:    2:
        -:    3:// Copyright (C) 2001-2020 Free Software Foundation, Inc.
        -:    4://
        -:    5:// This file is part of the GNU ISO C++ Library.  This library is free
        -:    6:// software; you can redistribute it and/or modify it under the
        -:    7:// terms of the GNU General Public License as published by the
        -:    8:// Free Software Foundation; either version 3, or (at your option)
        -:    9:// any later version.
        -:   10:
        -:   11:// This library is distributed in the hope that it will be useful,
        -:   12:// but WITHOUT ANY WARRANTY; without even the implied warranty of
        -:   13:// MERCHANTABILITY or FITNESS FOR A PARTICULAR PURPOSE.  See the
        -:   14:// GNU General Public License for more details.
        -:   15:
        -:   16:// Under Section 7 of GPL version 3, you are granted additional
        -:   17:// permissions described in the GCC Runtime Library Exception, version
        -:   18:// 3.1, as published by the Free Software Foundation.
        -:   19:
        -:   20:// You should have received a copy of the GNU General Public License and
        -:   21:// a copy of the GCC Runtime Library Exception along with this program;
        -:   22:// see the files COPYING3 and COPYING.RUNTIME respectively.  If not, see
        -:   23:// <http://www.gnu.org/licenses/>.
        -:   24:
        -:   25:/** @file ext/new_allocator.h
        -:   26: *  This file is a GNU extension to the Standard C++ Library.
        -:   27: */
        -:   28:
        -:   29:#ifndef _NEW_ALLOCATOR_H
        -:   30:#define _NEW_ALLOCATOR_H 1
        -:   31:
        -:   32:#include <bits/c++config.h>
        -:   33:#include <new>
        -:   34:#include <bits/functexcept.h>
        -:   35:#include <bits/move.h>
        -:   36:#if __cplusplus >= 201103L
        -:   37:#include <type_traits>
        -:   38:#endif
        -:   39:
        -:   40:namespace __gnu_cxx _GLIBCXX_VISIBILITY(default)
        -:   41:{
        -:   42:_GLIBCXX_BEGIN_NAMESPACE_VERSION
        -:   43:
        -:   44:  /**
        -:   45:   *  @brief  An allocator that uses global new, as per [20.4].
        -:   46:   *  @ingroup allocators
        -:   47:   *
        -:   48:   *  This is precisely the allocator defined in the C++ Standard.
        -:   49:   *    - all allocation calls operator new
        -:   50:   *    - all deallocation calls operator delete
        -:   51:   *
        -:   52:   *  @tparam  _Tp  Type of allocated object.
        -:   53:   */
        -:   54:  template<typename _Tp>
        -:   55:    class new_allocator
        -:   56:    {
        -:   57:    public:
        -:   58:      typedef _Tp        value_type;
        -:   59:      typedef std::size_t     size_type;
        -:   60:      typedef std::ptrdiff_t  difference_type;
        -:   61:#if __cplusplus <= 201703L
        -:   62:      typedef _Tp*       pointer;
        -:   63:      typedef const _Tp* const_pointer;
        -:   64:      typedef _Tp&       reference;
        -:   65:      typedef const _Tp& const_reference;
        -:   66:
        -:   67:      template<typename _Tp1>
        -:   68:	struct rebind
        -:   69:	{ typedef new_allocator<_Tp1> other; };
        -:   70:#endif
        -:   71:
        -:   72:#if __cplusplus >= 201103L
        -:   73:      // _GLIBCXX_RESOLVE_LIB_DEFECTS
        -:   74:      // 2103. propagate_on_container_move_assignment
        -:   75:      typedef std::true_type propagate_on_container_move_assignment;
        -:   76:#endif
        -:   77:
        -:   78:      _GLIBCXX20_CONSTEXPR
      66*:   79:      new_allocator() _GLIBCXX_USE_NOEXCEPT { }
------------------
_ZN9__gnu_cxx13new_allocatorISt10_List_nodeISt4pairIcPKcEEEC2Ev:
function _ZN9__gnu_cxx13new_allocatorISt10_List_nodeISt4pairIcPKcEEEC2Ev called 0 returned 0% blocks executed 0%
    #####:   79:      new_allocator() _GLIBCXX_USE_NOEXCEPT { }
------------------
_ZN9__gnu_cxx13new_allocatorIcEC2Ev:
function _ZN9__gnu_cxx13new_allocatorIcEC2Ev called 0 returned 0% blocks executed 0%
    #####:   79:      new_allocator() _GLIBCXX_USE_NOEXCEPT { }
------------------
_ZN9__gnu_cxx13new_allocatorIwEC2Ev:
function _ZN9__gnu_cxx13new_allocatorIwEC2Ev called 0 returned 0% blocks executed 0%
    #####:   79:      new_allocator() _GLIBCXX_USE_NOEXCEPT { }
------------------
_ZN9__gnu_cxx13new_allocatorIdEC2Ev:
function _ZN9__gnu_cxx13new_allocatorIdEC2Ev called 0 returned 0% blocks executed 0%
    #####:   79:      new_allocator() _GLIBCXX_USE_NOEXCEPT { }
------------------
_ZN9__gnu_cxx13new_allocatorISt6vectorIdSaIdEEEC2Ev:
function _ZN9__gnu_cxx13new_allocatorISt6vectorIdSaIdEEEC2Ev called 0 returned 0% blocks executed 0%
    #####:   79:      new_allocator() _GLIBCXX_USE_NOEXCEPT { }
------------------
_ZN9__gnu_cxx13new_allocatorIN7testing8internal13edit_distance8EditTypeEEC2Ev:
function _ZN9__gnu_cxx13new_allocatorIN7testing8internal13edit_distance8EditTypeEEC2Ev called 0 returned 0% blocks executed 0%
    #####:   79:      new_allocator() _GLIBCXX_USE_NOEXCEPT { }
------------------
_ZN9__gnu_cxx13new_allocatorISt6vectorIN7testing8internal13edit_distance8EditTypeESaIS5_EEEC2Ev:
function _ZN9__gnu_cxx13new_allocatorISt6vectorIN7testing8internal13edit_distance8EditTypeESaIS5_EEEC2Ev called 0 returned 0% blocks executed 0%
    #####:   79:      new_allocator() _GLIBCXX_USE_NOEXCEPT { }
------------------
_ZN9__gnu_cxx13new_allocatorINSt7__cxx1112basic_stringIcSt11char_traitsIcESaIcEEEEC2Ev:
function _ZN9__gnu_cxx13new_allocatorINSt7__cxx1112basic_stringIcSt11char_traitsIcESaIcEEEEC2Ev called 1 returned 100% blocks executed 100%
        1:   79:      new_allocator() _GLIBCXX_USE_NOEXCEPT { }
------------------
_ZN9__gnu_cxx13new_allocatorIN7testing14TestPartResultEEC2Ev:
function _ZN9__gnu_cxx13new_allocatorIN7testing14TestPartResultEEC2Ev called 24 returned 100% blocks executed 100%
       24:   79:      new_allocator() _GLIBCXX_USE_NOEXCEPT { }
------------------
_ZN9__gnu_cxx13new_allocatorIPN7testing8internal30ParameterizedTestSuiteInfoBaseEEC2Ev:
function _ZN9__gnu_cxx13new_allocatorIPN7testing8internal30ParameterizedTestSuiteInfoBaseEEC2Ev called 1 returned 100% blocks executed 100%
        1:   79:      new_allocator() _GLIBCXX_USE_NOEXCEPT { }
------------------
_ZN9__gnu_cxx13new_allocatorIyEC2Ev:
function _ZN9__gnu_cxx13new_allocatorIyEC2Ev called 0 returned 0% blocks executed 0%
    #####:   79:      new_allocator() _GLIBCXX_USE_NOEXCEPT { }
------------------
_ZN9__gnu_cxx13new_allocatorISt13_Rb_tree_nodeISt4pairIKNSt7__cxx1112basic_stringIcSt11char_traitsIcESaIcEEEyEEEC2Ev:
function _ZN9__gnu_cxx13new_allocatorISt13_Rb_tree_nodeISt4pairIKNSt7__cxx1112basic_stringIcSt11char_traitsIcESaIcEEEyEEEC2Ev called 0 returned 0% blocks executed 0%
    #####:   79:      new_allocator() _GLIBCXX_USE_NOEXCEPT { }
------------------
_ZN9__gnu_cxx13new_allocatorIN7testing8internal9TraceInfoEEC2Ev:
function _ZN9__gnu_cxx13new_allocatorIN7testing8internal9TraceInfoEEC2Ev called 0 returned 0% blocks executed 0%
    #####:   79:      new_allocator() _GLIBCXX_USE_NOEXCEPT { }
------------------
_ZN9__gnu_cxx13new_allocatorIN7testing12TestPropertyEEC2Ev:
function _ZN9__gnu_cxx13new_allocatorIN7testing12TestPropertyEEC2Ev called 24 returned 100% blocks executed 100%
       24:   79:      new_allocator() _GLIBCXX_USE_NOEXCEPT { }
------------------
_ZN9__gnu_cxx13new_allocatorIPN7testing8TestInfoEEC2Ev:
function _ZN9__gnu_cxx13new_allocatorIPN7testing8TestInfoEEC2Ev called 5 returned 100% blocks executed 100%
        5:   79:      new_allocator() _GLIBCXX_USE_NOEXCEPT { }
------------------
_ZN9__gnu_cxx13new_allocatorIiEC2Ev:
function _ZN9__gnu_cxx13new_allocatorIiEC2Ev called 6 returned 100% blocks executed 100%
        6:   79:      new_allocator() _GLIBCXX_USE_NOEXCEPT { }
------------------
_ZN9__gnu_cxx13new_allocatorIPN7testing17TestEventListenerEEC2Ev:
function _ZN9__gnu_cxx13new_allocatorIPN7testing17TestEventListenerEEC2Ev called 1 returned 100% blocks executed 100%
        1:   79:      new_allocator() _GLIBCXX_USE_NOEXCEPT { }
------------------
_ZN9__gnu_cxx13new_allocatorIPN7testing11EnvironmentEEC2Ev:
function _ZN9__gnu_cxx13new_allocatorIPN7testing11EnvironmentEEC2Ev called 1 returned 100% blocks executed 100%
        1:   79:      new_allocator() _GLIBCXX_USE_NOEXCEPT { }
------------------
_ZN9__gnu_cxx13new_allocatorIPN7testing9TestSuiteEEC2Ev:
function _ZN9__gnu_cxx13new_allocatorIPN7testing9TestSuiteEEC2Ev called 1 returned 100% blocks executed 100%
        1:   79:      new_allocator() _GLIBCXX_USE_NOEXCEPT { }
------------------
_ZN9__gnu_cxx13new_allocatorISt13_Rb_tree_nodeISt4pairIKNSt7__cxx1112basic_stringIcSt11char_traitsIcESaIcEEEN7testing8internal34TypeParameterizedTestSuiteRegistry30TypeParameterizedTestSuiteInfoEEEEC2Ev:
function _ZN9__gnu_cxx13new_allocatorISt13_Rb_tree_nodeISt4pairIKNSt7__cxx1112basic_stringIcSt11char_traitsIcESaIcEEEN7testing8internal34TypeParameterizedTestSuiteRegistry30TypeParameterizedTestSuiteInfoEEEEC2Ev called 1 returned 100% blocks executed 100%
        1:   79:      new_allocator() _GLIBCXX_USE_NOEXCEPT { }
------------------
_ZN9__gnu_cxx13new_allocatorISt13_Rb_tree_nodeINSt7__cxx1112basic_stringIcSt11char_traitsIcESaIcEEEEEC2Ev:
function _ZN9__gnu_cxx13new_allocatorISt13_Rb_tree_nodeINSt7__cxx1112basic_stringIcSt11char_traitsIcESaIcEEEEEC2Ev called 1 returned 100% blocks executed 100%
        1:   79:      new_allocator() _GLIBCXX_USE_NOEXCEPT { }
------------------
_ZN9__gnu_cxx13new_allocatorISt13_Rb_tree_nodeISt4pairIKPKN7testing8internal15ThreadLocalBaseESt10shared_ptrINS4_26ThreadLocalValueHolderBaseEEEEEC2Ev:
function _ZN9__gnu_cxx13new_allocatorISt13_Rb_tree_nodeISt4pairIKPKN7testing8internal15ThreadLocalBaseESt10shared_ptrINS4_26ThreadLocalValueHolderBaseEEEEEC2Ev called 0 returned 0% blocks executed 0%
    #####:   79:      new_allocator() _GLIBCXX_USE_NOEXCEPT { }
------------------
_ZN9__gnu_cxx13new_allocatorISt10shared_ptrIN7testing8internal26ThreadLocalValueHolderBaseEEEC2Ev:
function _ZN9__gnu_cxx13new_allocatorISt10shared_ptrIN7testing8internal26ThreadLocalValueHolderBaseEEEC2Ev called 0 returned 0% blocks executed 0%
    #####:   79:      new_allocator() _GLIBCXX_USE_NOEXCEPT { }
------------------
_ZN9__gnu_cxx13new_allocatorISt13_Rb_tree_nodeISt4pairIKmSt3mapIPKN7testing8internal15ThreadLocalBaseESt10shared_ptrINS6_26ThreadLocalValueHolderBaseEESt4lessIS9_ESaIS2_IKS9_SC_EEEEEEC2Ev:
function _ZN9__gnu_cxx13new_allocatorISt13_Rb_tree_nodeISt4pairIKmSt3mapIPKN7testing8internal15ThreadLocalBaseESt10shared_ptrINS6_26ThreadLocalValueHolderBaseEESt4lessIS9_ESaIS2_IKS9_SC_EEEEEEC2Ev called 0 returned 0% blocks executed 0%
    #####:   79:      new_allocator() _GLIBCXX_USE_NOEXCEPT { }
------------------
        -:   80:
        -:   81:      _GLIBCXX20_CONSTEXPR
       4*:   82:      new_allocator(const new_allocator&) _GLIBCXX_USE_NOEXCEPT { }
------------------
_ZN9__gnu_cxx13new_allocatorISt13_Rb_tree_nodeISt4pairIKPKN7testing8internal15ThreadLocalBaseESt10shared_ptrINS4_26ThreadLocalValueHolderBaseEEEEEC2ERKSE_:
function _ZN9__gnu_cxx13new_allocatorISt13_Rb_tree_nodeISt4pairIKPKN7testing8internal15ThreadLocalBaseESt10shared_ptrINS4_26ThreadLocalValueHolderBaseEEEEEC2ERKSE_ called 0 returned 0% blocks executed 0%
    #####:   82:      new_allocator(const new_allocator&) _GLIBCXX_USE_NOEXCEPT { }
------------------
_ZN9__gnu_cxx13new_allocatorISt6vectorIN7testing8internal13edit_distance8EditTypeESaIS5_EEEC2ERKS8_:
function _ZN9__gnu_cxx13new_allocatorISt6vectorIN7testing8internal13edit_distance8EditTypeESaIS5_EEEC2ERKS8_ called 0 returned 0% blocks executed 0%
    #####:   82:      new_allocator(const new_allocator&) _GLIBCXX_USE_NOEXCEPT { }
------------------
_ZN9__gnu_cxx13new_allocatorISt6vectorIdSaIdEEEC2ERKS4_:
function _ZN9__gnu_cxx13new_allocatorISt6vectorIdSaIdEEEC2ERKS4_ called 0 returned 0% blocks executed 0%
    #####:   82:      new_allocator(const new_allocator&) _GLIBCXX_USE_NOEXCEPT { }
------------------
_ZN9__gnu_cxx13new_allocatorIdEC2ERKS1_:
function _ZN9__gnu_cxx13new_allocatorIdEC2ERKS1_ called 0 returned 0% blocks executed 0%
    #####:   82:      new_allocator(const new_allocator&) _GLIBCXX_USE_NOEXCEPT { }
------------------
_ZN9__gnu_cxx13new_allocatorIcEC2ERKS1_:
function _ZN9__gnu_cxx13new_allocatorIcEC2ERKS1_ called 0 returned 0% blocks executed 0%
    #####:   82:      new_allocator(const new_allocator&) _GLIBCXX_USE_NOEXCEPT { }
------------------
_ZN9__gnu_cxx13new_allocatorINSt7__cxx1112basic_stringIcSt11char_traitsIcESaIcEEEEC2ERKS7_:
function _ZN9__gnu_cxx13new_allocatorINSt7__cxx1112basic_stringIcSt11char_traitsIcESaIcEEEEC2ERKS7_ called 4 returned 100% blocks executed 100%
        4:   82:      new_allocator(const new_allocator&) _GLIBCXX_USE_NOEXCEPT { }
------------------
_ZN9__gnu_cxx13new_allocatorIN7testing8internal13edit_distance8EditTypeEEC2ERKS5_:
function _ZN9__gnu_cxx13new_allocatorIN7testing8internal13edit_distance8EditTypeEEC2ERKS5_ called 0 returned 0% blocks executed 0%
    #####:   82:      new_allocator(const new_allocator&) _GLIBCXX_USE_NOEXCEPT { }
------------------
        -:   83:
        -:   84:      template<typename _Tp1>
        -:   85:	_GLIBCXX20_CONSTEXPR
        -:   86:	new_allocator(const new_allocator<_Tp1>&) _GLIBCXX_USE_NOEXCEPT { }
        -:   87:
        -:   88:#if __cplusplus <= 201703L
       4*:   89:      ~new_allocator() _GLIBCXX_USE_NOEXCEPT { }
------------------
_ZN9__gnu_cxx13new_allocatorISt10_List_nodeISt4pairIcPKcEEED2Ev:
function _ZN9__gnu_cxx13new_allocatorISt10_List_nodeISt4pairIcPKcEEED2Ev called 0 returned 0% blocks executed 0%
    #####:   89:      ~new_allocator() _GLIBCXX_USE_NOEXCEPT { }
------------------
_ZN9__gnu_cxx13new_allocatorIcED2Ev:
function _ZN9__gnu_cxx13new_allocatorIcED2Ev called 0 returned 0% blocks executed 0%
    #####:   89:      ~new_allocator() _GLIBCXX_USE_NOEXCEPT { }
------------------
_ZN9__gnu_cxx13new_allocatorIwED2Ev:
function _ZN9__gnu_cxx13new_allocatorIwED2Ev called 0 returned 0% blocks executed 0%
    #####:   89:      ~new_allocator() _GLIBCXX_USE_NOEXCEPT { }
------------------
_ZN9__gnu_cxx13new_allocatorIN7testing14TestPartResultEED2Ev:
function _ZN9__gnu_cxx13new_allocatorIN7testing14TestPartResultEED2Ev called 0 returned 0% blocks executed 0%
    #####:   89:      ~new_allocator() _GLIBCXX_USE_NOEXCEPT { }
------------------
_ZN9__gnu_cxx13new_allocatorIPN7testing8internal30ParameterizedTestSuiteInfoBaseEED2Ev:
function _ZN9__gnu_cxx13new_allocatorIPN7testing8internal30ParameterizedTestSuiteInfoBaseEED2Ev called 0 returned 0% blocks executed 0%
    #####:   89:      ~new_allocator() _GLIBCXX_USE_NOEXCEPT { }
------------------
_ZN9__gnu_cxx13new_allocatorINSt7__cxx1112basic_stringIcSt11char_traitsIcESaIcEEEED2Ev:
function _ZN9__gnu_cxx13new_allocatorINSt7__cxx1112basic_stringIcSt11char_traitsIcESaIcEEEED2Ev called 4 returned 100% blocks executed 100%
        4:   89:      ~new_allocator() _GLIBCXX_USE_NOEXCEPT { }
------------------
_ZN9__gnu_cxx13new_allocatorIdED2Ev:
function _ZN9__gnu_cxx13new_allocatorIdED2Ev called 0 returned 0% blocks executed 0%
    #####:   89:      ~new_allocator() _GLIBCXX_USE_NOEXCEPT { }
------------------
_ZN9__gnu_cxx13new_allocatorISt6vectorIdSaIdEEED2Ev:
function _ZN9__gnu_cxx13new_allocatorISt6vectorIdSaIdEEED2Ev called 0 returned 0% blocks executed 0%
    #####:   89:      ~new_allocator() _GLIBCXX_USE_NOEXCEPT { }
------------------
_ZN9__gnu_cxx13new_allocatorIN7testing8internal13edit_distance8EditTypeEED2Ev:
function _ZN9__gnu_cxx13new_allocatorIN7testing8internal13edit_distance8EditTypeEED2Ev called 0 returned 0% blocks executed 0%
    #####:   89:      ~new_allocator() _GLIBCXX_USE_NOEXCEPT { }
------------------
_ZN9__gnu_cxx13new_allocatorISt6vectorIN7testing8internal13edit_distance8EditTypeESaIS5_EEED2Ev:
function _ZN9__gnu_cxx13new_allocatorISt6vectorIN7testing8internal13edit_distance8EditTypeESaIS5_EEED2Ev called 0 returned 0% blocks executed 0%
    #####:   89:      ~new_allocator() _GLIBCXX_USE_NOEXCEPT { }
------------------
_ZN9__gnu_cxx13new_allocatorIyED2Ev:
function _ZN9__gnu_cxx13new_allocatorIyED2Ev called 0 returned 0% blocks executed 0%
    #####:   89:      ~new_allocator() _GLIBCXX_USE_NOEXCEPT { }
------------------
_ZN9__gnu_cxx13new_allocatorISt13_Rb_tree_nodeISt4pairIKNSt7__cxx1112basic_stringIcSt11char_traitsIcESaIcEEEyEEED2Ev:
function _ZN9__gnu_cxx13new_allocatorISt13_Rb_tree_nodeISt4pairIKNSt7__cxx1112basic_stringIcSt11char_traitsIcESaIcEEEyEEED2Ev called 0 returned 0% blocks executed 0%
    #####:   89:      ~new_allocator() _GLIBCXX_USE_NOEXCEPT { }
------------------
_ZN9__gnu_cxx13new_allocatorIN7testing8internal9TraceInfoEED2Ev:
function _ZN9__gnu_cxx13new_allocatorIN7testing8internal9TraceInfoEED2Ev called 0 returned 0% blocks executed 0%
    #####:   89:      ~new_allocator() _GLIBCXX_USE_NOEXCEPT { }
------------------
_ZN9__gnu_cxx13new_allocatorIN7testing12TestPropertyEED2Ev:
function _ZN9__gnu_cxx13new_allocatorIN7testing12TestPropertyEED2Ev called 0 returned 0% blocks executed 0%
    #####:   89:      ~new_allocator() _GLIBCXX_USE_NOEXCEPT { }
------------------
_ZN9__gnu_cxx13new_allocatorIPN7testing8TestInfoEED2Ev:
function _ZN9__gnu_cxx13new_allocatorIPN7testing8TestInfoEED2Ev called 0 returned 0% blocks executed 0%
    #####:   89:      ~new_allocator() _GLIBCXX_USE_NOEXCEPT { }
------------------
_ZN9__gnu_cxx13new_allocatorIiED2Ev:
function _ZN9__gnu_cxx13new_allocatorIiED2Ev called 0 returned 0% blocks executed 0%
    #####:   89:      ~new_allocator() _GLIBCXX_USE_NOEXCEPT { }
------------------
_ZN9__gnu_cxx13new_allocatorIPN7testing17TestEventListenerEED2Ev:
function _ZN9__gnu_cxx13new_allocatorIPN7testing17TestEventListenerEED2Ev called 0 returned 0% blocks executed 0%
    #####:   89:      ~new_allocator() _GLIBCXX_USE_NOEXCEPT { }
------------------
_ZN9__gnu_cxx13new_allocatorIPN7testing11EnvironmentEED2Ev:
function _ZN9__gnu_cxx13new_allocatorIPN7testing11EnvironmentEED2Ev called 0 returned 0% blocks executed 0%
    #####:   89:      ~new_allocator() _GLIBCXX_USE_NOEXCEPT { }
------------------
_ZN9__gnu_cxx13new_allocatorIPN7testing9TestSuiteEED2Ev:
function _ZN9__gnu_cxx13new_allocatorIPN7testing9TestSuiteEED2Ev called 0 returned 0% blocks executed 0%
    #####:   89:      ~new_allocator() _GLIBCXX_USE_NOEXCEPT { }
------------------
_ZN9__gnu_cxx13new_allocatorISt13_Rb_tree_nodeISt4pairIKNSt7__cxx1112basic_stringIcSt11char_traitsIcESaIcEEEN7testing8internal34TypeParameterizedTestSuiteRegistry30TypeParameterizedTestSuiteInfoEEEED2Ev:
function _ZN9__gnu_cxx13new_allocatorISt13_Rb_tree_nodeISt4pairIKNSt7__cxx1112basic_stringIcSt11char_traitsIcESaIcEEEN7testing8internal34TypeParameterizedTestSuiteRegistry30TypeParameterizedTestSuiteInfoEEEED2Ev called 0 returned 0% blocks executed 0%
    #####:   89:      ~new_allocator() _GLIBCXX_USE_NOEXCEPT { }
------------------
_ZN9__gnu_cxx13new_allocatorISt13_Rb_tree_nodeINSt7__cxx1112basic_stringIcSt11char_traitsIcESaIcEEEEED2Ev:
function _ZN9__gnu_cxx13new_allocatorISt13_Rb_tree_nodeINSt7__cxx1112basic_stringIcSt11char_traitsIcESaIcEEEEED2Ev called 0 returned 0% blocks executed 0%
    #####:   89:      ~new_allocator() _GLIBCXX_USE_NOEXCEPT { }
------------------
_ZN9__gnu_cxx13new_allocatorISt13_Rb_tree_nodeISt4pairIKPKN7testing8internal15ThreadLocalBaseESt10shared_ptrINS4_26ThreadLocalValueHolderBaseEEEEED2Ev:
function _ZN9__gnu_cxx13new_allocatorISt13_Rb_tree_nodeISt4pairIKPKN7testing8internal15ThreadLocalBaseESt10shared_ptrINS4_26ThreadLocalValueHolderBaseEEEEED2Ev called 0 returned 0% blocks executed 0%
    #####:   89:      ~new_allocator() _GLIBCXX_USE_NOEXCEPT { }
------------------
_ZN9__gnu_cxx13new_allocatorISt10shared_ptrIN7testing8internal26ThreadLocalValueHolderBaseEEED2Ev:
function _ZN9__gnu_cxx13new_allocatorISt10shared_ptrIN7testing8internal26ThreadLocalValueHolderBaseEEED2Ev called 0 returned 0% blocks executed 0%
    #####:   89:      ~new_allocator() _GLIBCXX_USE_NOEXCEPT { }
------------------
        -:   90:
        -:   91:      pointer
        -:   92:      address(reference __x) const _GLIBCXX_NOEXCEPT
        -:   93:      { return std::__addressof(__x); }
        -:   94:
        -:   95:      const_pointer
        -:   96:      address(const_reference __x) const _GLIBCXX_NOEXCEPT
        -:   97:      { return std::__addressof(__x); }
        -:   98:#endif
        -:   99:
        -:  100:      // NB: __n is permitted to be 0.  The C++ standard says nothing
        -:  101:      // about what the return value is when __n == 0.
        -:  102:      _GLIBCXX_NODISCARD _Tp*
      41*:  103:      allocate(size_type __n, const void* = static_cast<const void*>(0))
        -:  104:      {
      41*:  105:	if (__n > this->_M_max_size())
    #####:  106:	  std::__throw_bad_alloc();
        -:  107:
        -:  108:#if __cpp_aligned_new
        -:  109:	if (alignof(_Tp) > __STDCPP_DEFAULT_NEW_ALIGNMENT__)
        -:  110:	  {
        -:  111:	    std::align_val_t __al = std::align_val_t(alignof(_Tp));
        -:  112:	    return static_cast<_Tp*>(::operator new(__n * sizeof(_Tp), __al));
        -:  113:	  }
        -:  114:#endif
      41*:  115:	return static_cast<_Tp*>(::operator new(__n * sizeof(_Tp)));
        -:  116:      }
------------------
_ZN9__gnu_cxx13new_allocatorISt13_Rb_tree_nodeISt4pairIKNSt7__cxx1112basic_stringIcSt11char_traitsIcESaIcEEEN7testing8internal34TypeParameterizedTestSuiteRegistry30TypeParameterizedTestSuiteInfoEEEE8allocateEyPKv:
function _ZN9__gnu_cxx13new_allocatorISt13_Rb_tree_nodeISt4pairIKNSt7__cxx1112basic_stringIcSt11char_traitsIcESaIcEEEN7testing8internal34TypeParameterizedTestSuiteRegistry30TypeParameterizedTestSuiteInfoEEEE8allocateEyPKv called 0 returned 0% blocks executed 0%
    #####:  103:      allocate(size_type __n, const void* = static_cast<const void*>(0))
        -:  104:      {
    #####:  105:	if (__n > this->_M_max_size())
    %%%%%:  105-block  0
call    0 never executed
branch  1 never executed
branch  2 never executed
    #####:  106:	  std::__throw_bad_alloc();
    %%%%%:  106-block  0
call    0 never executed
        -:  107:
        -:  108:#if __cpp_aligned_new
        -:  109:	if (alignof(_Tp) > __STDCPP_DEFAULT_NEW_ALIGNMENT__)
        -:  110:	  {
        -:  111:	    std::align_val_t __al = std::align_val_t(alignof(_Tp));
        -:  112:	    return static_cast<_Tp*>(::operator new(__n * sizeof(_Tp), __al));
        -:  113:	  }
        -:  114:#endif
    #####:  115:	return static_cast<_Tp*>(::operator new(__n * sizeof(_Tp)));
    %%%%%:  115-block  0
call    0 never executed
        -:  116:      }
------------------
_ZN9__gnu_cxx13new_allocatorIN7testing8internal13edit_distance8EditTypeEE8allocateEyPKv:
function _ZN9__gnu_cxx13new_allocatorIN7testing8internal13edit_distance8EditTypeEE8allocateEyPKv called 0 returned 0% blocks executed 0%
    #####:  103:      allocate(size_type __n, const void* = static_cast<const void*>(0))
        -:  104:      {
    #####:  105:	if (__n > this->_M_max_size())
    %%%%%:  105-block  0
call    0 never executed
branch  1 never executed
branch  2 never executed
    #####:  106:	  std::__throw_bad_alloc();
    %%%%%:  106-block  0
call    0 never executed
        -:  107:
        -:  108:#if __cpp_aligned_new
        -:  109:	if (alignof(_Tp) > __STDCPP_DEFAULT_NEW_ALIGNMENT__)
        -:  110:	  {
        -:  111:	    std::align_val_t __al = std::align_val_t(alignof(_Tp));
        -:  112:	    return static_cast<_Tp*>(::operator new(__n * sizeof(_Tp), __al));
        -:  113:	  }
        -:  114:#endif
    #####:  115:	return static_cast<_Tp*>(::operator new(__n * sizeof(_Tp)));
    %%%%%:  115-block  0
call    0 never executed
        -:  116:      }
------------------
_ZN9__gnu_cxx13new_allocatorIN7testing14TestPartResultEE8allocateEyPKv:
function _ZN9__gnu_cxx13new_allocatorIN7testing14TestPartResultEE8allocateEyPKv called 0 returned 0% blocks executed 0%
    #####:  103:      allocate(size_type __n, const void* = static_cast<const void*>(0))
        -:  104:      {
    #####:  105:	if (__n > this->_M_max_size())
    %%%%%:  105-block  0
call    0 never executed
branch  1 never executed
branch  2 never executed
    #####:  106:	  std::__throw_bad_alloc();
    %%%%%:  106-block  0
call    0 never executed
        -:  107:
        -:  108:#if __cpp_aligned_new
        -:  109:	if (alignof(_Tp) > __STDCPP_DEFAULT_NEW_ALIGNMENT__)
        -:  110:	  {
        -:  111:	    std::align_val_t __al = std::align_val_t(alignof(_Tp));
        -:  112:	    return static_cast<_Tp*>(::operator new(__n * sizeof(_Tp), __al));
        -:  113:	  }
        -:  114:#endif
    #####:  115:	return static_cast<_Tp*>(::operator new(__n * sizeof(_Tp)));
    %%%%%:  115-block  0
call    0 never executed
        -:  116:      }
------------------
_ZN9__gnu_cxx13new_allocatorIN7testing12TestPropertyEE8allocateEyPKv:
function _ZN9__gnu_cxx13new_allocatorIN7testing12TestPropertyEE8allocateEyPKv called 0 returned 0% blocks executed 0%
    #####:  103:      allocate(size_type __n, const void* = static_cast<const void*>(0))
        -:  104:      {
    #####:  105:	if (__n > this->_M_max_size())
    %%%%%:  105-block  0
call    0 never executed
branch  1 never executed
branch  2 never executed
    #####:  106:	  std::__throw_bad_alloc();
    %%%%%:  106-block  0
call    0 never executed
        -:  107:
        -:  108:#if __cpp_aligned_new
        -:  109:	if (alignof(_Tp) > __STDCPP_DEFAULT_NEW_ALIGNMENT__)
        -:  110:	  {
        -:  111:	    std::align_val_t __al = std::align_val_t(alignof(_Tp));
        -:  112:	    return static_cast<_Tp*>(::operator new(__n * sizeof(_Tp), __al));
        -:  113:	  }
        -:  114:#endif
    #####:  115:	return static_cast<_Tp*>(::operator new(__n * sizeof(_Tp)));
    %%%%%:  115-block  0
call    0 never executed
        -:  116:      }
------------------
_ZN9__gnu_cxx13new_allocatorIPN7testing8TestInfoEE8allocateEyPKv:
function _ZN9__gnu_cxx13new_allocatorIPN7testing8TestInfoEE8allocateEyPKv called 15 returned 100% blocks executed 83%
       15:  103:      allocate(size_type __n, const void* = static_cast<const void*>(0))
        -:  104:      {
       15:  105:	if (__n > this->_M_max_size())
       15:  105-block  0
call    0 returned 15
branch  1 taken 0 (fallthrough)
branch  2 taken 15
    #####:  106:	  std::__throw_bad_alloc();
    %%%%%:  106-block  0
call    0 never executed
        -:  107:
        -:  108:#if __cpp_aligned_new
        -:  109:	if (alignof(_Tp) > __STDCPP_DEFAULT_NEW_ALIGNMENT__)
        -:  110:	  {
        -:  111:	    std::align_val_t __al = std::align_val_t(alignof(_Tp));
        -:  112:	    return static_cast<_Tp*>(::operator new(__n * sizeof(_Tp), __al));
        -:  113:	  }
        -:  114:#endif
       15:  115:	return static_cast<_Tp*>(::operator new(__n * sizeof(_Tp)));
       15:  115-block  0
call    0 returned 15
        -:  116:      }
------------------
_ZN9__gnu_cxx13new_allocatorIPN7testing17TestEventListenerEE8allocateEyPKv:
function _ZN9__gnu_cxx13new_allocatorIPN7testing17TestEventListenerEE8allocateEyPKv called 1 returned 100% blocks executed 83%
        1:  103:      allocate(size_type __n, const void* = static_cast<const void*>(0))
        -:  104:      {
        1:  105:	if (__n > this->_M_max_size())
        1:  105-block  0
call    0 returned 1
branch  1 taken 0 (fallthrough)
branch  2 taken 1
    #####:  106:	  std::__throw_bad_alloc();
    %%%%%:  106-block  0
call    0 never executed
        -:  107:
        -:  108:#if __cpp_aligned_new
        -:  109:	if (alignof(_Tp) > __STDCPP_DEFAULT_NEW_ALIGNMENT__)
        -:  110:	  {
        -:  111:	    std::align_val_t __al = std::align_val_t(alignof(_Tp));
        -:  112:	    return static_cast<_Tp*>(::operator new(__n * sizeof(_Tp), __al));
        -:  113:	  }
        -:  114:#endif
        1:  115:	return static_cast<_Tp*>(::operator new(__n * sizeof(_Tp)));
        1:  115-block  0
call    0 returned 1
        -:  116:      }
------------------
_ZN9__gnu_cxx13new_allocatorIPN7testing11EnvironmentEE8allocateEyPKv:
function _ZN9__gnu_cxx13new_allocatorIPN7testing11EnvironmentEE8allocateEyPKv called 0 returned 0% blocks executed 0%
    #####:  103:      allocate(size_type __n, const void* = static_cast<const void*>(0))
        -:  104:      {
    #####:  105:	if (__n > this->_M_max_size())
    %%%%%:  105-block  0
call    0 never executed
branch  1 never executed
branch  2 never executed
    #####:  106:	  std::__throw_bad_alloc();
    %%%%%:  106-block  0
call    0 never executed
        -:  107:
        -:  108:#if __cpp_aligned_new
        -:  109:	if (alignof(_Tp) > __STDCPP_DEFAULT_NEW_ALIGNMENT__)
        -:  110:	  {
        -:  111:	    std::align_val_t __al = std::align_val_t(alignof(_Tp));
        -:  112:	    return static_cast<_Tp*>(::operator new(__n * sizeof(_Tp), __al));
        -:  113:	  }
        -:  114:#endif
    #####:  115:	return static_cast<_Tp*>(::operator new(__n * sizeof(_Tp)));
    %%%%%:  115-block  0
call    0 never executed
        -:  116:      }
------------------
_ZN9__gnu_cxx13new_allocatorIN7testing8internal9TraceInfoEE8allocateEyPKv:
function _ZN9__gnu_cxx13new_allocatorIN7testing8internal9TraceInfoEE8allocateEyPKv called 0 returned 0% blocks executed 0%
    #####:  103:      allocate(size_type __n, const void* = static_cast<const void*>(0))
        -:  104:      {
    #####:  105:	if (__n > this->_M_max_size())
    %%%%%:  105-block  0
call    0 never executed
branch  1 never executed
branch  2 never executed
    #####:  106:	  std::__throw_bad_alloc();
    %%%%%:  106-block  0
call    0 never executed
        -:  107:
        -:  108:#if __cpp_aligned_new
        -:  109:	if (alignof(_Tp) > __STDCPP_DEFAULT_NEW_ALIGNMENT__)
        -:  110:	  {
        -:  111:	    std::align_val_t __al = std::align_val_t(alignof(_Tp));
        -:  112:	    return static_cast<_Tp*>(::operator new(__n * sizeof(_Tp), __al));
        -:  113:	  }
        -:  114:#endif
    #####:  115:	return static_cast<_Tp*>(::operator new(__n * sizeof(_Tp)));
    %%%%%:  115-block  0
call    0 never executed
        -:  116:      }
------------------
_ZN9__gnu_cxx13new_allocatorIPN7testing9TestSuiteEE8allocateEyPKv:
function _ZN9__gnu_cxx13new_allocatorIPN7testing9TestSuiteEE8allocateEyPKv called 4 returned 100% blocks executed 83%
        4:  103:      allocate(size_type __n, const void* = static_cast<const void*>(0))
        -:  104:      {
        4:  105:	if (__n > this->_M_max_size())
        4:  105-block  0
call    0 returned 4
branch  1 taken 0 (fallthrough)
branch  2 taken 4
    #####:  106:	  std::__throw_bad_alloc();
    %%%%%:  106-block  0
call    0 never executed
        -:  107:
        -:  108:#if __cpp_aligned_new
        -:  109:	if (alignof(_Tp) > __STDCPP_DEFAULT_NEW_ALIGNMENT__)
        -:  110:	  {
        -:  111:	    std::align_val_t __al = std::align_val_t(alignof(_Tp));
        -:  112:	    return static_cast<_Tp*>(::operator new(__n * sizeof(_Tp), __al));
        -:  113:	  }
        -:  114:#endif
        4:  115:	return static_cast<_Tp*>(::operator new(__n * sizeof(_Tp)));
        4:  115-block  0
call    0 returned 4
        -:  116:      }
------------------
_ZN9__gnu_cxx13new_allocatorISt10shared_ptrIN7testing8internal26ThreadLocalValueHolderBaseEEE8allocateEyPKv:
function _ZN9__gnu_cxx13new_allocatorISt10shared_ptrIN7testing8internal26ThreadLocalValueHolderBaseEEE8allocateEyPKv called 0 returned 0% blocks executed 0%
    #####:  103:      allocate(size_type __n, const void* = static_cast<const void*>(0))
        -:  104:      {
    #####:  105:	if (__n > this->_M_max_size())
    %%%%%:  105-block  0
call    0 never executed
branch  1 never executed
branch  2 never executed
    #####:  106:	  std::__throw_bad_alloc();
    %%%%%:  106-block  0
call    0 never executed
        -:  107:
        -:  108:#if __cpp_aligned_new
        -:  109:	if (alignof(_Tp) > __STDCPP_DEFAULT_NEW_ALIGNMENT__)
        -:  110:	  {
        -:  111:	    std::align_val_t __al = std::align_val_t(alignof(_Tp));
        -:  112:	    return static_cast<_Tp*>(::operator new(__n * sizeof(_Tp), __al));
        -:  113:	  }
        -:  114:#endif
    #####:  115:	return static_cast<_Tp*>(::operator new(__n * sizeof(_Tp)));
    %%%%%:  115-block  0
call    0 never executed
        -:  116:      }
------------------
_ZN9__gnu_cxx13new_allocatorINSt7__cxx1112basic_stringIcSt11char_traitsIcESaIcEEEE8allocateEyPKv:
function _ZN9__gnu_cxx13new_allocatorINSt7__cxx1112basic_stringIcSt11char_traitsIcESaIcEEEE8allocateEyPKv called 2 returned 100% blocks executed 83%
        2:  103:      allocate(size_type __n, const void* = static_cast<const void*>(0))
        -:  104:      {
        2:  105:	if (__n > this->_M_max_size())
        2:  105-block  0
call    0 returned 2
branch  1 taken 0 (fallthrough)
branch  2 taken 2
    #####:  106:	  std::__throw_bad_alloc();
    %%%%%:  106-block  0
call    0 never executed
        -:  107:
        -:  108:#if __cpp_aligned_new
        -:  109:	if (alignof(_Tp) > __STDCPP_DEFAULT_NEW_ALIGNMENT__)
        -:  110:	  {
        -:  111:	    std::align_val_t __al = std::align_val_t(alignof(_Tp));
        -:  112:	    return static_cast<_Tp*>(::operator new(__n * sizeof(_Tp), __al));
        -:  113:	  }
        -:  114:#endif
        2:  115:	return static_cast<_Tp*>(::operator new(__n * sizeof(_Tp)));
        2:  115-block  0
call    0 returned 2
        -:  116:      }
------------------
_ZN9__gnu_cxx13new_allocatorISt13_Rb_tree_nodeINSt7__cxx1112basic_stringIcSt11char_traitsIcESaIcEEEEE8allocateEyPKv:
function _ZN9__gnu_cxx13new_allocatorISt13_Rb_tree_nodeINSt7__cxx1112basic_stringIcSt11char_traitsIcESaIcEEEEE8allocateEyPKv called 0 returned 0% blocks executed 0%
    #####:  103:      allocate(size_type __n, const void* = static_cast<const void*>(0))
        -:  104:      {
    #####:  105:	if (__n > this->_M_max_size())
    %%%%%:  105-block  0
call    0 never executed
branch  1 never executed
branch  2 never executed
    #####:  106:	  std::__throw_bad_alloc();
    %%%%%:  106-block  0
call    0 never executed
        -:  107:
        -:  108:#if __cpp_aligned_new
        -:  109:	if (alignof(_Tp) > __STDCPP_DEFAULT_NEW_ALIGNMENT__)
        -:  110:	  {
        -:  111:	    std::align_val_t __al = std::align_val_t(alignof(_Tp));
        -:  112:	    return static_cast<_Tp*>(::operator new(__n * sizeof(_Tp), __al));
        -:  113:	  }
        -:  114:#endif
    #####:  115:	return static_cast<_Tp*>(::operator new(__n * sizeof(_Tp)));
    %%%%%:  115-block  0
call    0 never executed
        -:  116:      }
------------------
_ZN9__gnu_cxx13new_allocatorIdE8allocateEyPKv:
function _ZN9__gnu_cxx13new_allocatorIdE8allocateEyPKv called 0 returned 0% blocks executed 0%
    #####:  103:      allocate(size_type __n, const void* = static_cast<const void*>(0))
        -:  104:      {
    #####:  105:	if (__n > this->_M_max_size())
    %%%%%:  105-block  0
call    0 never executed
branch  1 never executed
branch  2 never executed
    #####:  106:	  std::__throw_bad_alloc();
    %%%%%:  106-block  0
call    0 never executed
        -:  107:
        -:  108:#if __cpp_aligned_new
        -:  109:	if (alignof(_Tp) > __STDCPP_DEFAULT_NEW_ALIGNMENT__)
        -:  110:	  {
        -:  111:	    std::align_val_t __al = std::align_val_t(alignof(_Tp));
        -:  112:	    return static_cast<_Tp*>(::operator new(__n * sizeof(_Tp), __al));
        -:  113:	  }
        -:  114:#endif
    #####:  115:	return static_cast<_Tp*>(::operator new(__n * sizeof(_Tp)));
    %%%%%:  115-block  0
call    0 never executed
        -:  116:      }
------------------
_ZN9__gnu_cxx13new_allocatorISt6vectorIdSaIdEEE8allocateEyPKv:
function _ZN9__gnu_cxx13new_allocatorISt6vectorIdSaIdEEE8allocateEyPKv called 0 returned 0% blocks executed 0%
    #####:  103:      allocate(size_type __n, const void* = static_cast<const void*>(0))
        -:  104:      {
    #####:  105:	if (__n > this->_M_max_size())
    %%%%%:  105-block  0
call    0 never executed
branch  1 never executed
branch  2 never executed
    #####:  106:	  std::__throw_bad_alloc();
    %%%%%:  106-block  0
call    0 never executed
        -:  107:
        -:  108:#if __cpp_aligned_new
        -:  109:	if (alignof(_Tp) > __STDCPP_DEFAULT_NEW_ALIGNMENT__)
        -:  110:	  {
        -:  111:	    std::align_val_t __al = std::align_val_t(alignof(_Tp));
        -:  112:	    return static_cast<_Tp*>(::operator new(__n * sizeof(_Tp), __al));
        -:  113:	  }
        -:  114:#endif
    #####:  115:	return static_cast<_Tp*>(::operator new(__n * sizeof(_Tp)));
    %%%%%:  115-block  0
call    0 never executed
        -:  116:      }
------------------
_ZN9__gnu_cxx13new_allocatorISt6vectorIN7testing8internal13edit_distance8EditTypeESaIS5_EEE8allocateEyPKv:
function _ZN9__gnu_cxx13new_allocatorISt6vectorIN7testing8internal13edit_distance8EditTypeESaIS5_EEE8allocateEyPKv called 0 returned 0% blocks executed 0%
    #####:  103:      allocate(size_type __n, const void* = static_cast<const void*>(0))
        -:  104:      {
    #####:  105:	if (__n > this->_M_max_size())
    %%%%%:  105-block  0
call    0 never executed
branch  1 never executed
branch  2 never executed
    #####:  106:	  std::__throw_bad_alloc();
    %%%%%:  106-block  0
call    0 never executed
        -:  107:
        -:  108:#if __cpp_aligned_new
        -:  109:	if (alignof(_Tp) > __STDCPP_DEFAULT_NEW_ALIGNMENT__)
        -:  110:	  {
        -:  111:	    std::align_val_t __al = std::align_val_t(alignof(_Tp));
        -:  112:	    return static_cast<_Tp*>(::operator new(__n * sizeof(_Tp), __al));
        -:  113:	  }
        -:  114:#endif
    #####:  115:	return static_cast<_Tp*>(::operator new(__n * sizeof(_Tp)));
    %%%%%:  115-block  0
call    0 never executed
        -:  116:      }
------------------
_ZN9__gnu_cxx13new_allocatorISt13_Rb_tree_nodeISt4pairIKNSt7__cxx1112basic_stringIcSt11char_traitsIcESaIcEEEyEEE8allocateEyPKv:
function _ZN9__gnu_cxx13new_allocatorISt13_Rb_tree_nodeISt4pairIKNSt7__cxx1112basic_stringIcSt11char_traitsIcESaIcEEEyEEE8allocateEyPKv called 0 returned 0% blocks executed 0%
    #####:  103:      allocate(size_type __n, const void* = static_cast<const void*>(0))
        -:  104:      {
    #####:  105:	if (__n > this->_M_max_size())
    %%%%%:  105-block  0
call    0 never executed
branch  1 never executed
branch  2 never executed
    #####:  106:	  std::__throw_bad_alloc();
    %%%%%:  106-block  0
call    0 never executed
        -:  107:
        -:  108:#if __cpp_aligned_new
        -:  109:	if (alignof(_Tp) > __STDCPP_DEFAULT_NEW_ALIGNMENT__)
        -:  110:	  {
        -:  111:	    std::align_val_t __al = std::align_val_t(alignof(_Tp));
        -:  112:	    return static_cast<_Tp*>(::operator new(__n * sizeof(_Tp), __al));
        -:  113:	  }
        -:  114:#endif
    #####:  115:	return static_cast<_Tp*>(::operator new(__n * sizeof(_Tp)));
    %%%%%:  115-block  0
call    0 never executed
        -:  116:      }
------------------
_ZN9__gnu_cxx13new_allocatorIyE8allocateEyPKv:
function _ZN9__gnu_cxx13new_allocatorIyE8allocateEyPKv called 0 returned 0% blocks executed 0%
    #####:  103:      allocate(size_type __n, const void* = static_cast<const void*>(0))
        -:  104:      {
    #####:  105:	if (__n > this->_M_max_size())
    %%%%%:  105-block  0
call    0 never executed
branch  1 never executed
branch  2 never executed
    #####:  106:	  std::__throw_bad_alloc();
    %%%%%:  106-block  0
call    0 never executed
        -:  107:
        -:  108:#if __cpp_aligned_new
        -:  109:	if (alignof(_Tp) > __STDCPP_DEFAULT_NEW_ALIGNMENT__)
        -:  110:	  {
        -:  111:	    std::align_val_t __al = std::align_val_t(alignof(_Tp));
        -:  112:	    return static_cast<_Tp*>(::operator new(__n * sizeof(_Tp), __al));
        -:  113:	  }
        -:  114:#endif
    #####:  115:	return static_cast<_Tp*>(::operator new(__n * sizeof(_Tp)));
    %%%%%:  115-block  0
call    0 never executed
        -:  116:      }
------------------
_ZN9__gnu_cxx13new_allocatorISt10_List_nodeISt4pairIcPKcEEE8allocateEyPKv:
function _ZN9__gnu_cxx13new_allocatorISt10_List_nodeISt4pairIcPKcEEE8allocateEyPKv called 0 returned 0% blocks executed 0%
    #####:  103:      allocate(size_type __n, const void* = static_cast<const void*>(0))
        -:  104:      {
    #####:  105:	if (__n > this->_M_max_size())
    %%%%%:  105-block  0
call    0 never executed
branch  1 never executed
branch  2 never executed
    #####:  106:	  std::__throw_bad_alloc();
    %%%%%:  106-block  0
call    0 never executed
        -:  107:
        -:  108:#if __cpp_aligned_new
        -:  109:	if (alignof(_Tp) > __STDCPP_DEFAULT_NEW_ALIGNMENT__)
        -:  110:	  {
        -:  111:	    std::align_val_t __al = std::align_val_t(alignof(_Tp));
        -:  112:	    return static_cast<_Tp*>(::operator new(__n * sizeof(_Tp), __al));
        -:  113:	  }
        -:  114:#endif
    #####:  115:	return static_cast<_Tp*>(::operator new(__n * sizeof(_Tp)));
    %%%%%:  115-block  0
call    0 never executed
        -:  116:      }
------------------
_ZN9__gnu_cxx13new_allocatorIiE8allocateEyPKv:
function _ZN9__gnu_cxx13new_allocatorIiE8allocateEyPKv called 19 returned 100% blocks executed 83%
       19:  103:      allocate(size_type __n, const void* = static_cast<const void*>(0))
        -:  104:      {
       19:  105:	if (__n > this->_M_max_size())
       19:  105-block  0
call    0 returned 19
branch  1 taken 0 (fallthrough)
branch  2 taken 19
    #####:  106:	  std::__throw_bad_alloc();
    %%%%%:  106-block  0
call    0 never executed
        -:  107:
        -:  108:#if __cpp_aligned_new
        -:  109:	if (alignof(_Tp) > __STDCPP_DEFAULT_NEW_ALIGNMENT__)
        -:  110:	  {
        -:  111:	    std::align_val_t __al = std::align_val_t(alignof(_Tp));
        -:  112:	    return static_cast<_Tp*>(::operator new(__n * sizeof(_Tp), __al));
        -:  113:	  }
        -:  114:#endif
       19:  115:	return static_cast<_Tp*>(::operator new(__n * sizeof(_Tp)));
       19:  115-block  0
call    0 returned 19
        -:  116:      }
------------------
_ZN9__gnu_cxx13new_allocatorISt13_Rb_tree_nodeISt4pairIKmSt3mapIPKN7testing8internal15ThreadLocalBaseESt10shared_ptrINS6_26ThreadLocalValueHolderBaseEESt4lessIS9_ESaIS2_IKS9_SC_EEEEEE8allocateEyPKv:
function _ZN9__gnu_cxx13new_allocatorISt13_Rb_tree_nodeISt4pairIKmSt3mapIPKN7testing8internal15ThreadLocalBaseESt10shared_ptrINS6_26ThreadLocalValueHolderBaseEESt4lessIS9_ESaIS2_IKS9_SC_EEEEEE8allocateEyPKv called 0 returned 0% blocks executed 0%
    #####:  103:      allocate(size_type __n, const void* = static_cast<const void*>(0))
        -:  104:      {
    #####:  105:	if (__n > this->_M_max_size())
    %%%%%:  105-block  0
call    0 never executed
branch  1 never executed
branch  2 never executed
    #####:  106:	  std::__throw_bad_alloc();
    %%%%%:  106-block  0
call    0 never executed
        -:  107:
        -:  108:#if __cpp_aligned_new
        -:  109:	if (alignof(_Tp) > __STDCPP_DEFAULT_NEW_ALIGNMENT__)
        -:  110:	  {
        -:  111:	    std::align_val_t __al = std::align_val_t(alignof(_Tp));
        -:  112:	    return static_cast<_Tp*>(::operator new(__n * sizeof(_Tp), __al));
        -:  113:	  }
        -:  114:#endif
    #####:  115:	return static_cast<_Tp*>(::operator new(__n * sizeof(_Tp)));
    %%%%%:  115-block  0
call    0 never executed
        -:  116:      }
------------------
_ZN9__gnu_cxx13new_allocatorISt13_Rb_tree_nodeISt4pairIKPKN7testing8internal15ThreadLocalBaseESt10shared_ptrINS4_26ThreadLocalValueHolderBaseEEEEE8allocateEyPKv:
function _ZN9__gnu_cxx13new_allocatorISt13_Rb_tree_nodeISt4pairIKPKN7testing8internal15ThreadLocalBaseESt10shared_ptrINS4_26ThreadLocalValueHolderBaseEEEEE8allocateEyPKv called 0 returned 0% blocks executed 0%
    #####:  103:      allocate(size_type __n, const void* = static_cast<const void*>(0))
        -:  104:      {
    #####:  105:	if (__n > this->_M_max_size())
    %%%%%:  105-block  0
call    0 never executed
branch  1 never executed
branch  2 never executed
    #####:  106:	  std::__throw_bad_alloc();
    %%%%%:  106-block  0
call    0 never executed
        -:  107:
        -:  108:#if __cpp_aligned_new
        -:  109:	if (alignof(_Tp) > __STDCPP_DEFAULT_NEW_ALIGNMENT__)
        -:  110:	  {
        -:  111:	    std::align_val_t __al = std::align_val_t(alignof(_Tp));
        -:  112:	    return static_cast<_Tp*>(::operator new(__n * sizeof(_Tp), __al));
        -:  113:	  }
        -:  114:#endif
    #####:  115:	return static_cast<_Tp*>(::operator new(__n * sizeof(_Tp)));
    %%%%%:  115-block  0
call    0 never executed
        -:  116:      }
------------------
        -:  117:
        -:  118:      // __p is not permitted to be a null pointer.
        -:  119:      void
      27*:  120:      deallocate(_Tp* __p, size_type __t)
        -:  121:      {
        -:  122:#if __cpp_aligned_new
        -:  123:	if (alignof(_Tp) > __STDCPP_DEFAULT_NEW_ALIGNMENT__)
        -:  124:	  {
        -:  125:	    ::operator delete(__p,
        -:  126:# if __cpp_sized_deallocation
        -:  127:			      __t * sizeof(_Tp),
        -:  128:# endif
        -:  129:			      std::align_val_t(alignof(_Tp)));
        -:  130:	    return;
        -:  131:	  }
        -:  132:#endif
      27*:  133:	::operator delete(__p
        -:  134:#if __cpp_sized_deallocation
        -:  135:			  , __t * sizeof(_Tp)
        -:  136:#endif
        -:  137:			 );
        -:  138:      }
------------------
_ZN9__gnu_cxx13new_allocatorIPN7testing9TestSuiteEE10deallocateEPS3_y:
function _ZN9__gnu_cxx13new_allocatorIPN7testing9TestSuiteEE10deallocateEPS3_y called 3 returned 100% blocks executed 100%
        3:  120:      deallocate(_Tp* __p, size_type __t)
        3:  120-block  0
        -:  121:      {
        -:  122:#if __cpp_aligned_new
        -:  123:	if (alignof(_Tp) > __STDCPP_DEFAULT_NEW_ALIGNMENT__)
        -:  124:	  {
        -:  125:	    ::operator delete(__p,
        -:  126:# if __cpp_sized_deallocation
        -:  127:			      __t * sizeof(_Tp),
        -:  128:# endif
        -:  129:			      std::align_val_t(alignof(_Tp)));
        -:  130:	    return;
        -:  131:	  }
        -:  132:#endif
        3:  133:	::operator delete(__p
        3:  133-block  0
call    0 returned 3
        -:  134:#if __cpp_sized_deallocation
        -:  135:			  , __t * sizeof(_Tp)
        -:  136:#endif
        -:  137:			 );
        -:  138:      }
------------------
_ZN9__gnu_cxx13new_allocatorIN7testing14TestPartResultEE10deallocateEPS2_y:
function _ZN9__gnu_cxx13new_allocatorIN7testing14TestPartResultEE10deallocateEPS2_y called 0 returned 0% blocks executed 0%
    #####:  120:      deallocate(_Tp* __p, size_type __t)
    %%%%%:  120-block  0
        -:  121:      {
        -:  122:#if __cpp_aligned_new
        -:  123:	if (alignof(_Tp) > __STDCPP_DEFAULT_NEW_ALIGNMENT__)
        -:  124:	  {
        -:  125:	    ::operator delete(__p,
        -:  126:# if __cpp_sized_deallocation
        -:  127:			      __t * sizeof(_Tp),
        -:  128:# endif
        -:  129:			      std::align_val_t(alignof(_Tp)));
        -:  130:	    return;
        -:  131:	  }
        -:  132:#endif
    #####:  133:	::operator delete(__p
    %%%%%:  133-block  0
call    0 never executed
        -:  134:#if __cpp_sized_deallocation
        -:  135:			  , __t * sizeof(_Tp)
        -:  136:#endif
        -:  137:			 );
        -:  138:      }
------------------
_ZN9__gnu_cxx13new_allocatorIPN7testing8internal30ParameterizedTestSuiteInfoBaseEE10deallocateEPS4_y:
function _ZN9__gnu_cxx13new_allocatorIPN7testing8internal30ParameterizedTestSuiteInfoBaseEE10deallocateEPS4_y called 0 returned 0% blocks executed 0%
    #####:  120:      deallocate(_Tp* __p, size_type __t)
    %%%%%:  120-block  0
        -:  121:      {
        -:  122:#if __cpp_aligned_new
        -:  123:	if (alignof(_Tp) > __STDCPP_DEFAULT_NEW_ALIGNMENT__)
        -:  124:	  {
        -:  125:	    ::operator delete(__p,
        -:  126:# if __cpp_sized_deallocation
        -:  127:			      __t * sizeof(_Tp),
        -:  128:# endif
        -:  129:			      std::align_val_t(alignof(_Tp)));
        -:  130:	    return;
        -:  131:	  }
        -:  132:#endif
    #####:  133:	::operator delete(__p
    %%%%%:  133-block  0
call    0 never executed
        -:  134:#if __cpp_sized_deallocation
        -:  135:			  , __t * sizeof(_Tp)
        -:  136:#endif
        -:  137:			 );
        -:  138:      }
------------------
_ZN9__gnu_cxx13new_allocatorINSt7__cxx1112basic_stringIcSt11char_traitsIcESaIcEEEE10deallocateEPS6_y:
function _ZN9__gnu_cxx13new_allocatorINSt7__cxx1112basic_stringIcSt11char_traitsIcESaIcEEEE10deallocateEPS6_y called 1 returned 100% blocks executed 100%
        1:  120:      deallocate(_Tp* __p, size_type __t)
        1:  120-block  0
        -:  121:      {
        -:  122:#if __cpp_aligned_new
        -:  123:	if (alignof(_Tp) > __STDCPP_DEFAULT_NEW_ALIGNMENT__)
        -:  124:	  {
        -:  125:	    ::operator delete(__p,
        -:  126:# if __cpp_sized_deallocation
        -:  127:			      __t * sizeof(_Tp),
        -:  128:# endif
        -:  129:			      std::align_val_t(alignof(_Tp)));
        -:  130:	    return;
        -:  131:	  }
        -:  132:#endif
        1:  133:	::operator delete(__p
        1:  133-block  0
call    0 returned 1
        -:  134:#if __cpp_sized_deallocation
        -:  135:			  , __t * sizeof(_Tp)
        -:  136:#endif
        -:  137:			 );
        -:  138:      }
------------------
_ZN9__gnu_cxx13new_allocatorIN7testing8internal13edit_distance8EditTypeEE10deallocateEPS4_y:
function _ZN9__gnu_cxx13new_allocatorIN7testing8internal13edit_distance8EditTypeEE10deallocateEPS4_y called 0 returned 0% blocks executed 0%
    #####:  120:      deallocate(_Tp* __p, size_type __t)
    %%%%%:  120-block  0
        -:  121:      {
        -:  122:#if __cpp_aligned_new
        -:  123:	if (alignof(_Tp) > __STDCPP_DEFAULT_NEW_ALIGNMENT__)
        -:  124:	  {
        -:  125:	    ::operator delete(__p,
        -:  126:# if __cpp_sized_deallocation
        -:  127:			      __t * sizeof(_Tp),
        -:  128:# endif
        -:  129:			      std::align_val_t(alignof(_Tp)));
        -:  130:	    return;
        -:  131:	  }
        -:  132:#endif
    #####:  133:	::operator delete(__p
    %%%%%:  133-block  0
call    0 never executed
        -:  134:#if __cpp_sized_deallocation
        -:  135:			  , __t * sizeof(_Tp)
        -:  136:#endif
        -:  137:			 );
        -:  138:      }
------------------
_ZN9__gnu_cxx13new_allocatorIyE10deallocateEPyy:
function _ZN9__gnu_cxx13new_allocatorIyE10deallocateEPyy called 0 returned 0% blocks executed 0%
    #####:  120:      deallocate(_Tp* __p, size_type __t)
    %%%%%:  120-block  0
        -:  121:      {
        -:  122:#if __cpp_aligned_new
        -:  123:	if (alignof(_Tp) > __STDCPP_DEFAULT_NEW_ALIGNMENT__)
        -:  124:	  {
        -:  125:	    ::operator delete(__p,
        -:  126:# if __cpp_sized_deallocation
        -:  127:			      __t * sizeof(_Tp),
        -:  128:# endif
        -:  129:			      std::align_val_t(alignof(_Tp)));
        -:  130:	    return;
        -:  131:	  }
        -:  132:#endif
    #####:  133:	::operator delete(__p
    %%%%%:  133-block  0
call    0 never executed
        -:  134:#if __cpp_sized_deallocation
        -:  135:			  , __t * sizeof(_Tp)
        -:  136:#endif
        -:  137:			 );
        -:  138:      }
------------------
_ZN9__gnu_cxx13new_allocatorIN7testing12TestPropertyEE10deallocateEPS2_y:
function _ZN9__gnu_cxx13new_allocatorIN7testing12TestPropertyEE10deallocateEPS2_y called 0 returned 0% blocks executed 0%
    #####:  120:      deallocate(_Tp* __p, size_type __t)
    %%%%%:  120-block  0
        -:  121:      {
        -:  122:#if __cpp_aligned_new
        -:  123:	if (alignof(_Tp) > __STDCPP_DEFAULT_NEW_ALIGNMENT__)
        -:  124:	  {
        -:  125:	    ::operator delete(__p,
        -:  126:# if __cpp_sized_deallocation
        -:  127:			      __t * sizeof(_Tp),
        -:  128:# endif
        -:  129:			      std::align_val_t(alignof(_Tp)));
        -:  130:	    return;
        -:  131:	  }
        -:  132:#endif
    #####:  133:	::operator delete(__p
    %%%%%:  133-block  0
call    0 never executed
        -:  134:#if __cpp_sized_deallocation
        -:  135:			  , __t * sizeof(_Tp)
        -:  136:#endif
        -:  137:			 );
        -:  138:      }
------------------
_ZN9__gnu_cxx13new_allocatorIPN7testing8TestInfoEE10deallocateEPS3_y:
function _ZN9__gnu_cxx13new_allocatorIPN7testing8TestInfoEE10deallocateEPS3_y called 10 returned 100% blocks executed 100%
       10:  120:      deallocate(_Tp* __p, size_type __t)
       10:  120-block  0
        -:  121:      {
        -:  122:#if __cpp_aligned_new
        -:  123:	if (alignof(_Tp) > __STDCPP_DEFAULT_NEW_ALIGNMENT__)
        -:  124:	  {
        -:  125:	    ::operator delete(__p,
        -:  126:# if __cpp_sized_deallocation
        -:  127:			      __t * sizeof(_Tp),
        -:  128:# endif
        -:  129:			      std::align_val_t(alignof(_Tp)));
        -:  130:	    return;
        -:  131:	  }
        -:  132:#endif
       10:  133:	::operator delete(__p
       10:  133-block  0
call    0 returned 10
        -:  134:#if __cpp_sized_deallocation
        -:  135:			  , __t * sizeof(_Tp)
        -:  136:#endif
        -:  137:			 );
        -:  138:      }
------------------
_ZN9__gnu_cxx13new_allocatorIiE10deallocateEPiy:
function _ZN9__gnu_cxx13new_allocatorIiE10deallocateEPiy called 13 returned 100% blocks executed 100%
       13:  120:      deallocate(_Tp* __p, size_type __t)
       13:  120-block  0
        -:  121:      {
        -:  122:#if __cpp_aligned_new
        -:  123:	if (alignof(_Tp) > __STDCPP_DEFAULT_NEW_ALIGNMENT__)
        -:  124:	  {
        -:  125:	    ::operator delete(__p,
        -:  126:# if __cpp_sized_deallocation
        -:  127:			      __t * sizeof(_Tp),
        -:  128:# endif
        -:  129:			      std::align_val_t(alignof(_Tp)));
        -:  130:	    return;
        -:  131:	  }
        -:  132:#endif
       13:  133:	::operator delete(__p
       13:  133-block  0
call    0 returned 13
        -:  134:#if __cpp_sized_deallocation
        -:  135:			  , __t * sizeof(_Tp)
        -:  136:#endif
        -:  137:			 );
        -:  138:      }
------------------
_ZN9__gnu_cxx13new_allocatorIPN7testing17TestEventListenerEE10deallocateEPS3_y:
function _ZN9__gnu_cxx13new_allocatorIPN7testing17TestEventListenerEE10deallocateEPS3_y called 0 returned 0% blocks executed 0%
    #####:  120:      deallocate(_Tp* __p, size_type __t)
    %%%%%:  120-block  0
        -:  121:      {
        -:  122:#if __cpp_aligned_new
        -:  123:	if (alignof(_Tp) > __STDCPP_DEFAULT_NEW_ALIGNMENT__)
        -:  124:	  {
        -:  125:	    ::operator delete(__p,
        -:  126:# if __cpp_sized_deallocation
        -:  127:			      __t * sizeof(_Tp),
        -:  128:# endif
        -:  129:			      std::align_val_t(alignof(_Tp)));
        -:  130:	    return;
        -:  131:	  }
        -:  132:#endif
    #####:  133:	::operator delete(__p
    %%%%%:  133-block  0
call    0 never executed
        -:  134:#if __cpp_sized_deallocation
        -:  135:			  , __t * sizeof(_Tp)
        -:  136:#endif
        -:  137:			 );
        -:  138:      }
------------------
_ZN9__gnu_cxx13new_allocatorIPN7testing11EnvironmentEE10deallocateEPS3_y:
function _ZN9__gnu_cxx13new_allocatorIPN7testing11EnvironmentEE10deallocateEPS3_y called 0 returned 0% blocks executed 0%
    #####:  120:      deallocate(_Tp* __p, size_type __t)
    %%%%%:  120-block  0
        -:  121:      {
        -:  122:#if __cpp_aligned_new
        -:  123:	if (alignof(_Tp) > __STDCPP_DEFAULT_NEW_ALIGNMENT__)
        -:  124:	  {
        -:  125:	    ::operator delete(__p,
        -:  126:# if __cpp_sized_deallocation
        -:  127:			      __t * sizeof(_Tp),
        -:  128:# endif
        -:  129:			      std::align_val_t(alignof(_Tp)));
        -:  130:	    return;
        -:  131:	  }
        -:  132:#endif
    #####:  133:	::operator delete(__p
    %%%%%:  133-block  0
call    0 never executed
        -:  134:#if __cpp_sized_deallocation
        -:  135:			  , __t * sizeof(_Tp)
        -:  136:#endif
        -:  137:			 );
        -:  138:      }
------------------
_ZN9__gnu_cxx13new_allocatorISt13_Rb_tree_nodeISt4pairIKmSt3mapIPKN7testing8internal15ThreadLocalBaseESt10shared_ptrINS6_26ThreadLocalValueHolderBaseEESt4lessIS9_ESaIS2_IKS9_SC_EEEEEE10deallocateEPSK_y:
function _ZN9__gnu_cxx13new_allocatorISt13_Rb_tree_nodeISt4pairIKmSt3mapIPKN7testing8internal15ThreadLocalBaseESt10shared_ptrINS6_26ThreadLocalValueHolderBaseEESt4lessIS9_ESaIS2_IKS9_SC_EEEEEE10deallocateEPSK_y called 0 returned 0% blocks executed 0%
    #####:  120:      deallocate(_Tp* __p, size_type __t)
    %%%%%:  120-block  0
        -:  121:      {
        -:  122:#if __cpp_aligned_new
        -:  123:	if (alignof(_Tp) > __STDCPP_DEFAULT_NEW_ALIGNMENT__)
        -:  124:	  {
        -:  125:	    ::operator delete(__p,
        -:  126:# if __cpp_sized_deallocation
        -:  127:			      __t * sizeof(_Tp),
        -:  128:# endif
        -:  129:			      std::align_val_t(alignof(_Tp)));
        -:  130:	    return;
        -:  131:	  }
        -:  132:#endif
    #####:  133:	::operator delete(__p
    %%%%%:  133-block  0
call    0 never executed
        -:  134:#if __cpp_sized_deallocation
        -:  135:			  , __t * sizeof(_Tp)
        -:  136:#endif
        -:  137:			 );
        -:  138:      }
------------------
_ZN9__gnu_cxx13new_allocatorISt10shared_ptrIN7testing8internal26ThreadLocalValueHolderBaseEEE10deallocateEPS5_y:
function _ZN9__gnu_cxx13new_allocatorISt10shared_ptrIN7testing8internal26ThreadLocalValueHolderBaseEEE10deallocateEPS5_y called 0 returned 0% blocks executed 0%
    #####:  120:      deallocate(_Tp* __p, size_type __t)
    %%%%%:  120-block  0
        -:  121:      {
        -:  122:#if __cpp_aligned_new
        -:  123:	if (alignof(_Tp) > __STDCPP_DEFAULT_NEW_ALIGNMENT__)
        -:  124:	  {
        -:  125:	    ::operator delete(__p,
        -:  126:# if __cpp_sized_deallocation
        -:  127:			      __t * sizeof(_Tp),
        -:  128:# endif
        -:  129:			      std::align_val_t(alignof(_Tp)));
        -:  130:	    return;
        -:  131:	  }
        -:  132:#endif
    #####:  133:	::operator delete(__p
    %%%%%:  133-block  0
call    0 never executed
        -:  134:#if __cpp_sized_deallocation
        -:  135:			  , __t * sizeof(_Tp)
        -:  136:#endif
        -:  137:			 );
        -:  138:      }
------------------
_ZN9__gnu_cxx13new_allocatorIdE10deallocateEPdy:
function _ZN9__gnu_cxx13new_allocatorIdE10deallocateEPdy called 0 returned 0% blocks executed 0%
    #####:  120:      deallocate(_Tp* __p, size_type __t)
    %%%%%:  120-block  0
        -:  121:      {
        -:  122:#if __cpp_aligned_new
        -:  123:	if (alignof(_Tp) > __STDCPP_DEFAULT_NEW_ALIGNMENT__)
        -:  124:	  {
        -:  125:	    ::operator delete(__p,
        -:  126:# if __cpp_sized_deallocation
        -:  127:			      __t * sizeof(_Tp),
        -:  128:# endif
        -:  129:			      std::align_val_t(alignof(_Tp)));
        -:  130:	    return;
        -:  131:	  }
        -:  132:#endif
    #####:  133:	::operator delete(__p
    %%%%%:  133-block  0
call    0 never executed
        -:  134:#if __cpp_sized_deallocation
        -:  135:			  , __t * sizeof(_Tp)
        -:  136:#endif
        -:  137:			 );
        -:  138:      }
------------------
_ZN9__gnu_cxx13new_allocatorISt6vectorIdSaIdEEE10deallocateEPS3_y:
function _ZN9__gnu_cxx13new_allocatorISt6vectorIdSaIdEEE10deallocateEPS3_y called 0 returned 0% blocks executed 0%
    #####:  120:      deallocate(_Tp* __p, size_type __t)
    %%%%%:  120-block  0
        -:  121:      {
        -:  122:#if __cpp_aligned_new
        -:  123:	if (alignof(_Tp) > __STDCPP_DEFAULT_NEW_ALIGNMENT__)
        -:  124:	  {
        -:  125:	    ::operator delete(__p,
        -:  126:# if __cpp_sized_deallocation
        -:  127:			      __t * sizeof(_Tp),
        -:  128:# endif
        -:  129:			      std::align_val_t(alignof(_Tp)));
        -:  130:	    return;
        -:  131:	  }
        -:  132:#endif
    #####:  133:	::operator delete(__p
    %%%%%:  133-block  0
call    0 never executed
        -:  134:#if __cpp_sized_deallocation
        -:  135:			  , __t * sizeof(_Tp)
        -:  136:#endif
        -:  137:			 );
        -:  138:      }
------------------
_ZN9__gnu_cxx13new_allocatorISt6vectorIN7testing8internal13edit_distance8EditTypeESaIS5_EEE10deallocateEPS7_y:
function _ZN9__gnu_cxx13new_allocatorISt6vectorIN7testing8internal13edit_distance8EditTypeESaIS5_EEE10deallocateEPS7_y called 0 returned 0% blocks executed 0%
    #####:  120:      deallocate(_Tp* __p, size_type __t)
    %%%%%:  120-block  0
        -:  121:      {
        -:  122:#if __cpp_aligned_new
        -:  123:	if (alignof(_Tp) > __STDCPP_DEFAULT_NEW_ALIGNMENT__)
        -:  124:	  {
        -:  125:	    ::operator delete(__p,
        -:  126:# if __cpp_sized_deallocation
        -:  127:			      __t * sizeof(_Tp),
        -:  128:# endif
        -:  129:			      std::align_val_t(alignof(_Tp)));
        -:  130:	    return;
        -:  131:	  }
        -:  132:#endif
    #####:  133:	::operator delete(__p
    %%%%%:  133-block  0
call    0 never executed
        -:  134:#if __cpp_sized_deallocation
        -:  135:			  , __t * sizeof(_Tp)
        -:  136:#endif
        -:  137:			 );
        -:  138:      }
------------------
_ZN9__gnu_cxx13new_allocatorISt10_List_nodeISt4pairIcPKcEEE10deallocateEPS6_y:
function _ZN9__gnu_cxx13new_allocatorISt10_List_nodeISt4pairIcPKcEEE10deallocateEPS6_y called 0 returned 0% blocks executed 0%
    #####:  120:      deallocate(_Tp* __p, size_type __t)
    %%%%%:  120-block  0
        -:  121:      {
        -:  122:#if __cpp_aligned_new
        -:  123:	if (alignof(_Tp) > __STDCPP_DEFAULT_NEW_ALIGNMENT__)
        -:  124:	  {
        -:  125:	    ::operator delete(__p,
        -:  126:# if __cpp_sized_deallocation
        -:  127:			      __t * sizeof(_Tp),
        -:  128:# endif
        -:  129:			      std::align_val_t(alignof(_Tp)));
        -:  130:	    return;
        -:  131:	  }
        -:  132:#endif
    #####:  133:	::operator delete(__p
    %%%%%:  133-block  0
call    0 never executed
        -:  134:#if __cpp_sized_deallocation
        -:  135:			  , __t * sizeof(_Tp)
        -:  136:#endif
        -:  137:			 );
        -:  138:      }
------------------
_ZN9__gnu_cxx13new_allocatorIN7testing8internal9TraceInfoEE10deallocateEPS3_y:
function _ZN9__gnu_cxx13new_allocatorIN7testing8internal9TraceInfoEE10deallocateEPS3_y called 0 returned 0% blocks executed 0%
    #####:  120:      deallocate(_Tp* __p, size_type __t)
    %%%%%:  120-block  0
        -:  121:      {
        -:  122:#if __cpp_aligned_new
        -:  123:	if (alignof(_Tp) > __STDCPP_DEFAULT_NEW_ALIGNMENT__)
        -:  124:	  {
        -:  125:	    ::operator delete(__p,
        -:  126:# if __cpp_sized_deallocation
        -:  127:			      __t * sizeof(_Tp),
        -:  128:# endif
        -:  129:			      std::align_val_t(alignof(_Tp)));
        -:  130:	    return;
        -:  131:	  }
        -:  132:#endif
    #####:  133:	::operator delete(__p
    %%%%%:  133-block  0
call    0 never executed
        -:  134:#if __cpp_sized_deallocation
        -:  135:			  , __t * sizeof(_Tp)
        -:  136:#endif
        -:  137:			 );
        -:  138:      }
------------------
_ZN9__gnu_cxx13new_allocatorISt13_Rb_tree_nodeISt4pairIKNSt7__cxx1112basic_stringIcSt11char_traitsIcESaIcEEEN7testing8internal34TypeParameterizedTestSuiteRegistry30TypeParameterizedTestSuiteInfoEEEE10deallocateEPSF_y:
function _ZN9__gnu_cxx13new_allocatorISt13_Rb_tree_nodeISt4pairIKNSt7__cxx1112basic_stringIcSt11char_traitsIcESaIcEEEN7testing8internal34TypeParameterizedTestSuiteRegistry30TypeParameterizedTestSuiteInfoEEEE10deallocateEPSF_y called 0 returned 0% blocks executed 0%
    #####:  120:      deallocate(_Tp* __p, size_type __t)
    %%%%%:  120-block  0
        -:  121:      {
        -:  122:#if __cpp_aligned_new
        -:  123:	if (alignof(_Tp) > __STDCPP_DEFAULT_NEW_ALIGNMENT__)
        -:  124:	  {
        -:  125:	    ::operator delete(__p,
        -:  126:# if __cpp_sized_deallocation
        -:  127:			      __t * sizeof(_Tp),
        -:  128:# endif
        -:  129:			      std::align_val_t(alignof(_Tp)));
        -:  130:	    return;
        -:  131:	  }
        -:  132:#endif
    #####:  133:	::operator delete(__p
    %%%%%:  133-block  0
call    0 never executed
        -:  134:#if __cpp_sized_deallocation
        -:  135:			  , __t * sizeof(_Tp)
        -:  136:#endif
        -:  137:			 );
        -:  138:      }
------------------
_ZN9__gnu_cxx13new_allocatorISt13_Rb_tree_nodeISt4pairIKNSt7__cxx1112basic_stringIcSt11char_traitsIcESaIcEEEyEEE10deallocateEPSB_y:
function _ZN9__gnu_cxx13new_allocatorISt13_Rb_tree_nodeISt4pairIKNSt7__cxx1112basic_stringIcSt11char_traitsIcESaIcEEEyEEE10deallocateEPSB_y called 0 returned 0% blocks executed 0%
    #####:  120:      deallocate(_Tp* __p, size_type __t)
    %%%%%:  120-block  0
        -:  121:      {
        -:  122:#if __cpp_aligned_new
        -:  123:	if (alignof(_Tp) > __STDCPP_DEFAULT_NEW_ALIGNMENT__)
        -:  124:	  {
        -:  125:	    ::operator delete(__p,
        -:  126:# if __cpp_sized_deallocation
        -:  127:			      __t * sizeof(_Tp),
        -:  128:# endif
        -:  129:			      std::align_val_t(alignof(_Tp)));
        -:  130:	    return;
        -:  131:	  }
        -:  132:#endif
    #####:  133:	::operator delete(__p
    %%%%%:  133-block  0
call    0 never executed
        -:  134:#if __cpp_sized_deallocation
        -:  135:			  , __t * sizeof(_Tp)
        -:  136:#endif
        -:  137:			 );
        -:  138:      }
------------------
_ZN9__gnu_cxx13new_allocatorISt13_Rb_tree_nodeINSt7__cxx1112basic_stringIcSt11char_traitsIcESaIcEEEEE10deallocateEPS8_y:
function _ZN9__gnu_cxx13new_allocatorISt13_Rb_tree_nodeINSt7__cxx1112basic_stringIcSt11char_traitsIcESaIcEEEEE10deallocateEPS8_y called 0 returned 0% blocks executed 0%
    #####:  120:      deallocate(_Tp* __p, size_type __t)
    %%%%%:  120-block  0
        -:  121:      {
        -:  122:#if __cpp_aligned_new
        -:  123:	if (alignof(_Tp) > __STDCPP_DEFAULT_NEW_ALIGNMENT__)
        -:  124:	  {
        -:  125:	    ::operator delete(__p,
        -:  126:# if __cpp_sized_deallocation
        -:  127:			      __t * sizeof(_Tp),
        -:  128:# endif
        -:  129:			      std::align_val_t(alignof(_Tp)));
        -:  130:	    return;
        -:  131:	  }
        -:  132:#endif
    #####:  133:	::operator delete(__p
    %%%%%:  133-block  0
call    0 never executed
        -:  134:#if __cpp_sized_deallocation
        -:  135:			  , __t * sizeof(_Tp)
        -:  136:#endif
        -:  137:			 );
        -:  138:      }
------------------
_ZN9__gnu_cxx13new_allocatorISt13_Rb_tree_nodeISt4pairIKPKN7testing8internal15ThreadLocalBaseESt10shared_ptrINS4_26ThreadLocalValueHolderBaseEEEEE10deallocateEPSD_y:
function _ZN9__gnu_cxx13new_allocatorISt13_Rb_tree_nodeISt4pairIKPKN7testing8internal15ThreadLocalBaseESt10shared_ptrINS4_26ThreadLocalValueHolderBaseEEEEE10deallocateEPSD_y called 0 returned 0% blocks executed 0%
    #####:  120:      deallocate(_Tp* __p, size_type __t)
    %%%%%:  120-block  0
        -:  121:      {
        -:  122:#if __cpp_aligned_new
        -:  123:	if (alignof(_Tp) > __STDCPP_DEFAULT_NEW_ALIGNMENT__)
        -:  124:	  {
        -:  125:	    ::operator delete(__p,
        -:  126:# if __cpp_sized_deallocation
        -:  127:			      __t * sizeof(_Tp),
        -:  128:# endif
        -:  129:			      std::align_val_t(alignof(_Tp)));
        -:  130:	    return;
        -:  131:	  }
        -:  132:#endif
    #####:  133:	::operator delete(__p
    %%%%%:  133-block  0
call    0 never executed
        -:  134:#if __cpp_sized_deallocation
        -:  135:			  , __t * sizeof(_Tp)
        -:  136:#endif
        -:  137:			 );
        -:  138:      }
------------------
        -:  139:
        -:  140:#if __cplusplus <= 201703L
        -:  141:      size_type
      80*:  142:      max_size() const _GLIBCXX_USE_NOEXCEPT
      80*:  143:      { return _M_max_size(); }
------------------
_ZNK9__gnu_cxx13new_allocatorIiE8max_sizeEv:
function _ZNK9__gnu_cxx13new_allocatorIiE8max_sizeEv called 38 returned 100% blocks executed 100%
       38:  142:      max_size() const _GLIBCXX_USE_NOEXCEPT
       38:  143:      { return _M_max_size(); }
       38:  143-block  0
call    0 returned 38
------------------
_ZNK9__gnu_cxx13new_allocatorIyE8max_sizeEv:
function _ZNK9__gnu_cxx13new_allocatorIyE8max_sizeEv called 0 returned 0% blocks executed 0%
    #####:  142:      max_size() const _GLIBCXX_USE_NOEXCEPT
    #####:  143:      { return _M_max_size(); }
    %%%%%:  143-block  0
call    0 never executed
------------------
_ZNK9__gnu_cxx13new_allocatorISt10shared_ptrIN7testing8internal26ThreadLocalValueHolderBaseEEE8max_sizeEv:
function _ZNK9__gnu_cxx13new_allocatorISt10shared_ptrIN7testing8internal26ThreadLocalValueHolderBaseEEE8max_sizeEv called 0 returned 0% blocks executed 0%
    #####:  142:      max_size() const _GLIBCXX_USE_NOEXCEPT
    #####:  143:      { return _M_max_size(); }
    %%%%%:  143-block  0
call    0 never executed
------------------
_ZNK9__gnu_cxx13new_allocatorIPN7testing9TestSuiteEE8max_sizeEv:
function _ZNK9__gnu_cxx13new_allocatorIPN7testing9TestSuiteEE8max_sizeEv called 8 returned 100% blocks executed 100%
        8:  142:      max_size() const _GLIBCXX_USE_NOEXCEPT
        8:  143:      { return _M_max_size(); }
        8:  143-block  0
call    0 returned 8
------------------
_ZNK9__gnu_cxx13new_allocatorIN7testing8internal9TraceInfoEE8max_sizeEv:
function _ZNK9__gnu_cxx13new_allocatorIN7testing8internal9TraceInfoEE8max_sizeEv called 0 returned 0% blocks executed 0%
    #####:  142:      max_size() const _GLIBCXX_USE_NOEXCEPT
    #####:  143:      { return _M_max_size(); }
    %%%%%:  143-block  0
call    0 never executed
------------------
_ZNK9__gnu_cxx13new_allocatorIPN7testing11EnvironmentEE8max_sizeEv:
function _ZNK9__gnu_cxx13new_allocatorIPN7testing11EnvironmentEE8max_sizeEv called 0 returned 0% blocks executed 0%
    #####:  142:      max_size() const _GLIBCXX_USE_NOEXCEPT
    #####:  143:      { return _M_max_size(); }
    %%%%%:  143-block  0
call    0 never executed
------------------
_ZNK9__gnu_cxx13new_allocatorIPN7testing17TestEventListenerEE8max_sizeEv:
function _ZNK9__gnu_cxx13new_allocatorIPN7testing17TestEventListenerEE8max_sizeEv called 2 returned 100% blocks executed 100%
        2:  142:      max_size() const _GLIBCXX_USE_NOEXCEPT
        2:  143:      { return _M_max_size(); }
        2:  143-block  0
call    0 returned 2
------------------
_ZNK9__gnu_cxx13new_allocatorIPN7testing8TestInfoEE8max_sizeEv:
function _ZNK9__gnu_cxx13new_allocatorIPN7testing8TestInfoEE8max_sizeEv called 30 returned 100% blocks executed 100%
       30:  142:      max_size() const _GLIBCXX_USE_NOEXCEPT
       30:  143:      { return _M_max_size(); }
       30:  143-block  0
call    0 returned 30
------------------
_ZNK9__gnu_cxx13new_allocatorIN7testing12TestPropertyEE8max_sizeEv:
function _ZNK9__gnu_cxx13new_allocatorIN7testing12TestPropertyEE8max_sizeEv called 0 returned 0% blocks executed 0%
    #####:  142:      max_size() const _GLIBCXX_USE_NOEXCEPT
    #####:  143:      { return _M_max_size(); }
    %%%%%:  143-block  0
call    0 never executed
------------------
_ZNK9__gnu_cxx13new_allocatorIN7testing14TestPartResultEE8max_sizeEv:
function _ZNK9__gnu_cxx13new_allocatorIN7testing14TestPartResultEE8max_sizeEv called 0 returned 0% blocks executed 0%
    #####:  142:      max_size() const _GLIBCXX_USE_NOEXCEPT
    #####:  143:      { return _M_max_size(); }
    %%%%%:  143-block  0
call    0 never executed
------------------
_ZNK9__gnu_cxx13new_allocatorINSt7__cxx1112basic_stringIcSt11char_traitsIcESaIcEEEE8max_sizeEv:
function _ZNK9__gnu_cxx13new_allocatorINSt7__cxx1112basic_stringIcSt11char_traitsIcESaIcEEEE8max_sizeEv called 2 returned 100% blocks executed 100%
        2:  142:      max_size() const _GLIBCXX_USE_NOEXCEPT
        2:  143:      { return _M_max_size(); }
        2:  143-block  0
call    0 returned 2
------------------
_ZNK9__gnu_cxx13new_allocatorISt6vectorIN7testing8internal13edit_distance8EditTypeESaIS5_EEE8max_sizeEv:
function _ZNK9__gnu_cxx13new_allocatorISt6vectorIN7testing8internal13edit_distance8EditTypeESaIS5_EEE8max_sizeEv called 0 returned 0% blocks executed 0%
    #####:  142:      max_size() const _GLIBCXX_USE_NOEXCEPT
    #####:  143:      { return _M_max_size(); }
    %%%%%:  143-block  0
call    0 never executed
------------------
_ZNK9__gnu_cxx13new_allocatorIN7testing8internal13edit_distance8EditTypeEE8max_sizeEv:
function _ZNK9__gnu_cxx13new_allocatorIN7testing8internal13edit_distance8EditTypeEE8max_sizeEv called 0 returned 0% blocks executed 0%
    #####:  142:      max_size() const _GLIBCXX_USE_NOEXCEPT
    #####:  143:      { return _M_max_size(); }
    %%%%%:  143-block  0
call    0 never executed
------------------
_ZNK9__gnu_cxx13new_allocatorISt6vectorIdSaIdEEE8max_sizeEv:
function _ZNK9__gnu_cxx13new_allocatorISt6vectorIdSaIdEEE8max_sizeEv called 0 returned 0% blocks executed 0%
    #####:  142:      max_size() const _GLIBCXX_USE_NOEXCEPT
    #####:  143:      { return _M_max_size(); }
    %%%%%:  143-block  0
call    0 never executed
------------------
_ZNK9__gnu_cxx13new_allocatorIdE8max_sizeEv:
function _ZNK9__gnu_cxx13new_allocatorIdE8max_sizeEv called 0 returned 0% blocks executed 0%
    #####:  142:      max_size() const _GLIBCXX_USE_NOEXCEPT
    #####:  143:      { return _M_max_size(); }
    %%%%%:  143-block  0
call    0 never executed
------------------
        -:  144:
        -:  145:#if __cplusplus >= 201103L
        -:  146:      template<typename _Up, typename... _Args>
        -:  147:	void
      48*:  148:	construct(_Up* __p, _Args&&... __args)
        -:  149:	noexcept(std::is_nothrow_constructible<_Up, _Args...>::value)
      48*:  150:	{ ::new((void *)__p) _Up(std::forward<_Args>(__args)...); }
------------------
_ZN9__gnu_cxx13new_allocatorIiE9constructIiJiEEEvPT_DpOT0_:
function _ZN9__gnu_cxx13new_allocatorIiE9constructIiJiEEEvPT_DpOT0_ called 23 returned 100% blocks executed 100%
       23:  148:	construct(_Up* __p, _Args&&... __args)
        -:  149:	noexcept(std::is_nothrow_constructible<_Up, _Args...>::value)
       23:  150:	{ ::new((void *)__p) _Up(std::forward<_Args>(__args)...); }
       23:  150-block  0
call    0 returned 23
call    1 returned 23
------------------
_ZN9__gnu_cxx13new_allocatorIN7testing8internal13edit_distance8EditTypeEE9constructIS4_JRKS4_EEEvPT_DpOT0_:
function _ZN9__gnu_cxx13new_allocatorIN7testing8internal13edit_distance8EditTypeEE9constructIS4_JRKS4_EEEvPT_DpOT0_ called 0 returned 0% blocks executed 0%
    #####:  148:	construct(_Up* __p, _Args&&... __args)
        -:  149:	noexcept(std::is_nothrow_constructible<_Up, _Args...>::value)
    #####:  150:	{ ::new((void *)__p) _Up(std::forward<_Args>(__args)...); }
    %%%%%:  150-block  0
call    0 never executed
call    1 never executed
------------------
_ZN9__gnu_cxx13new_allocatorIN7testing14TestPartResultEE9constructIS2_JRKS2_EEEvPT_DpOT0_:
function _ZN9__gnu_cxx13new_allocatorIN7testing14TestPartResultEE9constructIS2_JRKS2_EEEvPT_DpOT0_ called 0 returned 0% blocks executed 0%
    #####:  148:	construct(_Up* __p, _Args&&... __args)
        -:  149:	noexcept(std::is_nothrow_constructible<_Up, _Args...>::value)
    #####:  150:	{ ::new((void *)__p) _Up(std::forward<_Args>(__args)...); }
    %%%%%:  150-block  0
call    0 never executed
call    1 never executed
call    2 never executed
branch  3 never executed
branch  4 never executed
    %%%%%:  150-block  1
    $$$$$:  150-block  2
call    5 never executed
------------------
_ZN9__gnu_cxx13new_allocatorIN7testing12TestPropertyEE9constructIS2_JRKS2_EEEvPT_DpOT0_:
function _ZN9__gnu_cxx13new_allocatorIN7testing12TestPropertyEE9constructIS2_JRKS2_EEEvPT_DpOT0_ called 0 returned 0% blocks executed 0%
    #####:  148:	construct(_Up* __p, _Args&&... __args)
        -:  149:	noexcept(std::is_nothrow_constructible<_Up, _Args...>::value)
    #####:  150:	{ ::new((void *)__p) _Up(std::forward<_Args>(__args)...); }
    %%%%%:  150-block  0
call    0 never executed
call    1 never executed
call    2 never executed
branch  3 never executed
branch  4 never executed
    %%%%%:  150-block  1
    $$$$$:  150-block  2
call    5 never executed
------------------
_ZN9__gnu_cxx13new_allocatorIPN7testing8TestInfoEE9constructIS3_JRKS3_EEEvPT_DpOT0_:
function _ZN9__gnu_cxx13new_allocatorIPN7testing8TestInfoEE9constructIS3_JRKS3_EEEvPT_DpOT0_ called 18 returned 100% blocks executed 100%
       18:  148:	construct(_Up* __p, _Args&&... __args)
        -:  149:	noexcept(std::is_nothrow_constructible<_Up, _Args...>::value)
       18:  150:	{ ::new((void *)__p) _Up(std::forward<_Args>(__args)...); }
       18:  150-block  0
call    0 returned 18
call    1 returned 18
------------------
_ZN9__gnu_cxx13new_allocatorIPN7testing17TestEventListenerEE9constructIS3_JRKS3_EEEvPT_DpOT0_:
function _ZN9__gnu_cxx13new_allocatorIPN7testing17TestEventListenerEE9constructIS3_JRKS3_EEEvPT_DpOT0_ called 1 returned 100% blocks executed 100%
        1:  148:	construct(_Up* __p, _Args&&... __args)
        -:  149:	noexcept(std::is_nothrow_constructible<_Up, _Args...>::value)
        1:  150:	{ ::new((void *)__p) _Up(std::forward<_Args>(__args)...); }
        1:  150-block  0
call    0 returned 1
call    1 returned 1
------------------
_ZN9__gnu_cxx13new_allocatorIPN7testing11EnvironmentEE9constructIS3_JRKS3_EEEvPT_DpOT0_:
function _ZN9__gnu_cxx13new_allocatorIPN7testing11EnvironmentEE9constructIS3_JRKS3_EEEvPT_DpOT0_ called 0 returned 0% blocks executed 0%
    #####:  148:	construct(_Up* __p, _Args&&... __args)
        -:  149:	noexcept(std::is_nothrow_constructible<_Up, _Args...>::value)
    #####:  150:	{ ::new((void *)__p) _Up(std::forward<_Args>(__args)...); }
    %%%%%:  150-block  0
call    0 never executed
call    1 never executed
------------------
_ZN9__gnu_cxx13new_allocatorIN7testing8internal9TraceInfoEE9constructIS3_JRKS3_EEEvPT_DpOT0_:
function _ZN9__gnu_cxx13new_allocatorIN7testing8internal9TraceInfoEE9constructIS3_JRKS3_EEEvPT_DpOT0_ called 0 returned 0% blocks executed 0%
    #####:  148:	construct(_Up* __p, _Args&&... __args)
        -:  149:	noexcept(std::is_nothrow_constructible<_Up, _Args...>::value)
    #####:  150:	{ ::new((void *)__p) _Up(std::forward<_Args>(__args)...); }
    %%%%%:  150-block  0
call    0 never executed
call    1 never executed
call    2 never executed
branch  3 never executed
branch  4 never executed
    %%%%%:  150-block  1
    $$$$$:  150-block  2
call    5 never executed
------------------
_ZN9__gnu_cxx13new_allocatorIPN7testing9TestSuiteEE9constructIS3_JRKS3_EEEvPT_DpOT0_:
function _ZN9__gnu_cxx13new_allocatorIPN7testing9TestSuiteEE9constructIS3_JRKS3_EEEvPT_DpOT0_ called 5 returned 100% blocks executed 100%
        5:  148:	construct(_Up* __p, _Args&&... __args)
        -:  149:	noexcept(std::is_nothrow_constructible<_Up, _Args...>::value)
        5:  150:	{ ::new((void *)__p) _Up(std::forward<_Args>(__args)...); }
        5:  150-block  0
call    0 returned 5
call    1 returned 5
------------------
_ZN9__gnu_cxx13new_allocatorISt10shared_ptrIN7testing8internal26ThreadLocalValueHolderBaseEEE9constructIS5_JRKS5_EEEvPT_DpOT0_:
function _ZN9__gnu_cxx13new_allocatorISt10shared_ptrIN7testing8internal26ThreadLocalValueHolderBaseEEE9constructIS5_JRKS5_EEEvPT_DpOT0_ called 0 returned 0% blocks executed 0%
    #####:  148:	construct(_Up* __p, _Args&&... __args)
        -:  149:	noexcept(std::is_nothrow_constructible<_Up, _Args...>::value)
    #####:  150:	{ ::new((void *)__p) _Up(std::forward<_Args>(__args)...); }
    %%%%%:  150-block  0
call    0 never executed
call    1 never executed
call    2 never executed
------------------
_ZN9__gnu_cxx13new_allocatorINSt7__cxx1112basic_stringIcSt11char_traitsIcESaIcEEEE9constructIS6_JS6_EEEvPT_DpOT0_:
function _ZN9__gnu_cxx13new_allocatorINSt7__cxx1112basic_stringIcSt11char_traitsIcESaIcEEEE9constructIS6_JS6_EEEvPT_DpOT0_ called 1 returned 100% blocks executed 100%
        1:  148:	construct(_Up* __p, _Args&&... __args)
        -:  149:	noexcept(std::is_nothrow_constructible<_Up, _Args...>::value)
        1:  150:	{ ::new((void *)__p) _Up(std::forward<_Args>(__args)...); }
        1:  150-block  0
call    0 returned 1
call    1 returned 1
call    2 returned 1
------------------
_ZN9__gnu_cxx13new_allocatorIyE9constructIyJyEEEvPT_DpOT0_:
function _ZN9__gnu_cxx13new_allocatorIyE9constructIyJyEEEvPT_DpOT0_ called 0 returned 0% blocks executed 0%
    #####:  148:	construct(_Up* __p, _Args&&... __args)
        -:  149:	noexcept(std::is_nothrow_constructible<_Up, _Args...>::value)
    #####:  150:	{ ::new((void *)__p) _Up(std::forward<_Args>(__args)...); }
    %%%%%:  150-block  0
call    0 never executed
call    1 never executed
------------------
_ZN9__gnu_cxx13new_allocatorISt10shared_ptrIN7testing8internal26ThreadLocalValueHolderBaseEEE9constructIS5_JS5_EEEvPT_DpOT0_:
function _ZN9__gnu_cxx13new_allocatorISt10shared_ptrIN7testing8internal26ThreadLocalValueHolderBaseEEE9constructIS5_JS5_EEEvPT_DpOT0_ called 0 returned 0% blocks executed 0%
    #####:  148:	construct(_Up* __p, _Args&&... __args)
        -:  149:	noexcept(std::is_nothrow_constructible<_Up, _Args...>::value)
    #####:  150:	{ ::new((void *)__p) _Up(std::forward<_Args>(__args)...); }
    %%%%%:  150-block  0
call    0 never executed
call    1 never executed
call    2 never executed
------------------
_ZN9__gnu_cxx13new_allocatorIPN7testing9TestSuiteEE9constructIS3_JS3_EEEvPT_DpOT0_:
function _ZN9__gnu_cxx13new_allocatorIPN7testing9TestSuiteEE9constructIS3_JS3_EEEvPT_DpOT0_ called 0 returned 0% blocks executed 0%
    #####:  148:	construct(_Up* __p, _Args&&... __args)
        -:  149:	noexcept(std::is_nothrow_constructible<_Up, _Args...>::value)
    #####:  150:	{ ::new((void *)__p) _Up(std::forward<_Args>(__args)...); }
    %%%%%:  150-block  0
call    0 never executed
call    1 never executed
------------------
_ZN9__gnu_cxx13new_allocatorISt10_List_nodeISt4pairIcPKcEEE9constructIS5_JS5_EEEvPT_DpOT0_:
function _ZN9__gnu_cxx13new_allocatorISt10_List_nodeISt4pairIcPKcEEE9constructIS5_JS5_EEEvPT_DpOT0_ called 0 returned 0% blocks executed 0%
    #####:  148:	construct(_Up* __p, _Args&&... __args)
        -:  149:	noexcept(std::is_nothrow_constructible<_Up, _Args...>::value)
    #####:  150:	{ ::new((void *)__p) _Up(std::forward<_Args>(__args)...); }
    %%%%%:  150-block  0
call    0 never executed
call    1 never executed
------------------
_ZN9__gnu_cxx13new_allocatorISt13_Rb_tree_nodeISt4pairIKNSt7__cxx1112basic_stringIcSt11char_traitsIcESaIcEEEN7testing8internal34TypeParameterizedTestSuiteRegistry30TypeParameterizedTestSuiteInfoEEEE9constructISE_JS8_SD_EEEvPT_DpOT0_:
function _ZN9__gnu_cxx13new_allocatorISt13_Rb_tree_nodeISt4pairIKNSt7__cxx1112basic_stringIcSt11char_traitsIcESaIcEEEN7testing8internal34TypeParameterizedTestSuiteRegistry30TypeParameterizedTestSuiteInfoEEEE9constructISE_JS8_SD_EEEvPT_DpOT0_ called 0 returned 0% blocks executed 0%
    #####:  148:	construct(_Up* __p, _Args&&... __args)
        -:  149:	noexcept(std::is_nothrow_constructible<_Up, _Args...>::value)
    #####:  150:	{ ::new((void *)__p) _Up(std::forward<_Args>(__args)...); }
    %%%%%:  150-block  0
call    0 never executed
call    1 never executed
call    2 never executed
call    3 never executed
------------------
_ZN9__gnu_cxx13new_allocatorISt13_Rb_tree_nodeISt4pairIKNSt7__cxx1112basic_stringIcSt11char_traitsIcESaIcEEEyEEE9constructISA_JRKSt21piecewise_construct_tSt5tupleIJRS9_EESH_IJEEEEEvPT_DpOT0_:
function _ZN9__gnu_cxx13new_allocatorISt13_Rb_tree_nodeISt4pairIKNSt7__cxx1112basic_stringIcSt11char_traitsIcESaIcEEEyEEE9constructISA_JRKSt21piecewise_construct_tSt5tupleIJRS9_EESH_IJEEEEEvPT_DpOT0_ called 0 returned 0% blocks executed 0%
    #####:  148:	construct(_Up* __p, _Args&&... __args)
        -:  149:	noexcept(std::is_nothrow_constructible<_Up, _Args...>::value)
    #####:  150:	{ ::new((void *)__p) _Up(std::forward<_Args>(__args)...); }
    %%%%%:  150-block  0
call    0 never executed
call    1 never executed
call    2 never executed
call    3 never executed
call    4 never executed
call    5 never executed
branch  6 never executed
branch  7 never executed
    %%%%%:  150-block  1
    $$$$$:  150-block  2
call    8 never executed
    $$$$$:  150-block  3
    $$$$$:  150-block  4
------------------
_ZN9__gnu_cxx13new_allocatorISt13_Rb_tree_nodeISt4pairIKmSt3mapIPKN7testing8internal15ThreadLocalBaseESt10shared_ptrINS6_26ThreadLocalValueHolderBaseEESt4lessIS9_ESaIS2_IKS9_SC_EEEEEE9constructISJ_JS2_ImSI_EEEEvPT_DpOT0_:
function _ZN9__gnu_cxx13new_allocatorISt13_Rb_tree_nodeISt4pairIKmSt3mapIPKN7testing8internal15ThreadLocalBaseESt10shared_ptrINS6_26ThreadLocalValueHolderBaseEESt4lessIS9_ESaIS2_IKS9_SC_EEEEEE9constructISJ_JS2_ImSI_EEEEvPT_DpOT0_ called 0 returned 0% blocks executed 0%
    #####:  148:	construct(_Up* __p, _Args&&... __args)
        -:  149:	noexcept(std::is_nothrow_constructible<_Up, _Args...>::value)
    #####:  150:	{ ::new((void *)__p) _Up(std::forward<_Args>(__args)...); }
    %%%%%:  150-block  0
call    0 never executed
call    1 never executed
call    2 never executed
------------------
_ZN9__gnu_cxx13new_allocatorISt13_Rb_tree_nodeISt4pairIKPKN7testing8internal15ThreadLocalBaseESt10shared_ptrINS4_26ThreadLocalValueHolderBaseEEEEE9constructISC_JS2_IS7_SB_EEEEvPT_DpOT0_:
function _ZN9__gnu_cxx13new_allocatorISt13_Rb_tree_nodeISt4pairIKPKN7testing8internal15ThreadLocalBaseESt10shared_ptrINS4_26ThreadLocalValueHolderBaseEEEEE9constructISC_JS2_IS7_SB_EEEEvPT_DpOT0_ called 0 returned 0% blocks executed 0%
    #####:  148:	construct(_Up* __p, _Args&&... __args)
        -:  149:	noexcept(std::is_nothrow_constructible<_Up, _Args...>::value)
    #####:  150:	{ ::new((void *)__p) _Up(std::forward<_Args>(__args)...); }
    %%%%%:  150-block  0
call    0 never executed
call    1 never executed
call    2 never executed
------------------
_ZN9__gnu_cxx13new_allocatorISt13_Rb_tree_nodeINSt7__cxx1112basic_stringIcSt11char_traitsIcESaIcEEEEE9constructIS7_JS7_EEEvPT_DpOT0_:
function _ZN9__gnu_cxx13new_allocatorISt13_Rb_tree_nodeINSt7__cxx1112basic_stringIcSt11char_traitsIcESaIcEEEEE9constructIS7_JS7_EEEvPT_DpOT0_ called 0 returned 0% blocks executed 0%
    #####:  148:	construct(_Up* __p, _Args&&... __args)
        -:  149:	noexcept(std::is_nothrow_constructible<_Up, _Args...>::value)
    #####:  150:	{ ::new((void *)__p) _Up(std::forward<_Args>(__args)...); }
    %%%%%:  150-block  0
call    0 never executed
call    1 never executed
call    2 never executed
------------------
_ZN9__gnu_cxx13new_allocatorISt13_Rb_tree_nodeINSt7__cxx1112basic_stringIcSt11char_traitsIcESaIcEEEEE9constructIS7_JRKS7_EEEvPT_DpOT0_:
function _ZN9__gnu_cxx13new_allocatorISt13_Rb_tree_nodeINSt7__cxx1112basic_stringIcSt11char_traitsIcESaIcEEEEE9constructIS7_JRKS7_EEEvPT_DpOT0_ called 0 returned 0% blocks executed 0%
    #####:  148:	construct(_Up* __p, _Args&&... __args)
        -:  149:	noexcept(std::is_nothrow_constructible<_Up, _Args...>::value)
    #####:  150:	{ ::new((void *)__p) _Up(std::forward<_Args>(__args)...); }
    %%%%%:  150-block  0
call    0 never executed
call    1 never executed
call    2 never executed
branch  3 never executed
branch  4 never executed
    %%%%%:  150-block  1
    $$$$$:  150-block  2
call    5 never executed
------------------
_ZN9__gnu_cxx13new_allocatorIN7testing14TestPartResultEE9constructIS2_JS2_EEEvPT_DpOT0_:
function _ZN9__gnu_cxx13new_allocatorIN7testing14TestPartResultEE9constructIS2_JS2_EEEvPT_DpOT0_ called 0 returned 0% blocks executed 0%
    #####:  148:	construct(_Up* __p, _Args&&... __args)
        -:  149:	noexcept(std::is_nothrow_constructible<_Up, _Args...>::value)
    #####:  150:	{ ::new((void *)__p) _Up(std::forward<_Args>(__args)...); }
    %%%%%:  150-block  0
call    0 never executed
call    1 never executed
call    2 never executed
------------------
_ZN9__gnu_cxx13new_allocatorIN7testing12TestPropertyEE9constructIS2_JS2_EEEvPT_DpOT0_:
function _ZN9__gnu_cxx13new_allocatorIN7testing12TestPropertyEE9constructIS2_JS2_EEEvPT_DpOT0_ called 0 returned 0% blocks executed 0%
    #####:  148:	construct(_Up* __p, _Args&&... __args)
        -:  149:	noexcept(std::is_nothrow_constructible<_Up, _Args...>::value)
    #####:  150:	{ ::new((void *)__p) _Up(std::forward<_Args>(__args)...); }
    %%%%%:  150-block  0
call    0 never executed
call    1 never executed
call    2 never executed
------------------
_ZN9__gnu_cxx13new_allocatorIN7testing8internal9TraceInfoEE9constructIS3_JS3_EEEvPT_DpOT0_:
function _ZN9__gnu_cxx13new_allocatorIN7testing8internal9TraceInfoEE9constructIS3_JS3_EEEvPT_DpOT0_ called 0 returned 0% blocks executed 0%
    #####:  148:	construct(_Up* __p, _Args&&... __args)
        -:  149:	noexcept(std::is_nothrow_constructible<_Up, _Args...>::value)
    #####:  150:	{ ::new((void *)__p) _Up(std::forward<_Args>(__args)...); }
    %%%%%:  150-block  0
call    0 never executed
call    1 never executed
call    2 never executed
------------------
        -:  151:
        -:  152:      template<typename _Up>
        -:  153:	void
    #####:  154:	destroy(_Up* __p)
        -:  155:	noexcept(std::is_nothrow_destructible<_Up>::value)
    #####:  156:	{ __p->~_Up(); }
------------------
_ZN9__gnu_cxx13new_allocatorISt13_Rb_tree_nodeISt4pairIKmSt3mapIPKN7testing8internal15ThreadLocalBaseESt10shared_ptrINS6_26ThreadLocalValueHolderBaseEESt4lessIS9_ESaIS2_IKS9_SC_EEEEEE7destroyISJ_EEvPT_:
function _ZN9__gnu_cxx13new_allocatorISt13_Rb_tree_nodeISt4pairIKmSt3mapIPKN7testing8internal15ThreadLocalBaseESt10shared_ptrINS6_26ThreadLocalValueHolderBaseEESt4lessIS9_ESaIS2_IKS9_SC_EEEEEE7destroyISJ_EEvPT_ called 0 returned 0% blocks executed 0%
    #####:  154:	destroy(_Up* __p)
        -:  155:	noexcept(std::is_nothrow_destructible<_Up>::value)
    #####:  156:	{ __p->~_Up(); }
    %%%%%:  156-block  0
call    0 never executed
------------------
_ZN9__gnu_cxx13new_allocatorISt13_Rb_tree_nodeISt4pairIKPKN7testing8internal15ThreadLocalBaseESt10shared_ptrINS4_26ThreadLocalValueHolderBaseEEEEE7destroyISC_EEvPT_:
function _ZN9__gnu_cxx13new_allocatorISt13_Rb_tree_nodeISt4pairIKPKN7testing8internal15ThreadLocalBaseESt10shared_ptrINS4_26ThreadLocalValueHolderBaseEEEEE7destroyISC_EEvPT_ called 0 returned 0% blocks executed 0%
    #####:  154:	destroy(_Up* __p)
        -:  155:	noexcept(std::is_nothrow_destructible<_Up>::value)
    #####:  156:	{ __p->~_Up(); }
    %%%%%:  156-block  0
call    0 never executed
------------------
_ZN9__gnu_cxx13new_allocatorISt13_Rb_tree_nodeINSt7__cxx1112basic_stringIcSt11char_traitsIcESaIcEEEEE7destroyIS7_EEvPT_:
function _ZN9__gnu_cxx13new_allocatorISt13_Rb_tree_nodeINSt7__cxx1112basic_stringIcSt11char_traitsIcESaIcEEEEE7destroyIS7_EEvPT_ called 0 returned 0% blocks executed 0%
    #####:  154:	destroy(_Up* __p)
        -:  155:	noexcept(std::is_nothrow_destructible<_Up>::value)
    #####:  156:	{ __p->~_Up(); }
    %%%%%:  156-block  0
call    0 never executed
------------------
_ZN9__gnu_cxx13new_allocatorISt13_Rb_tree_nodeISt4pairIKNSt7__cxx1112basic_stringIcSt11char_traitsIcESaIcEEEyEEE7destroyISA_EEvPT_:
function _ZN9__gnu_cxx13new_allocatorISt13_Rb_tree_nodeISt4pairIKNSt7__cxx1112basic_stringIcSt11char_traitsIcESaIcEEEyEEE7destroyISA_EEvPT_ called 0 returned 0% blocks executed 0%
    #####:  154:	destroy(_Up* __p)
        -:  155:	noexcept(std::is_nothrow_destructible<_Up>::value)
    #####:  156:	{ __p->~_Up(); }
    %%%%%:  156-block  0
call    0 never executed
------------------
_ZN9__gnu_cxx13new_allocatorISt13_Rb_tree_nodeISt4pairIKNSt7__cxx1112basic_stringIcSt11char_traitsIcESaIcEEEN7testing8internal34TypeParameterizedTestSuiteRegistry30TypeParameterizedTestSuiteInfoEEEE7destroyISE_EEvPT_:
function _ZN9__gnu_cxx13new_allocatorISt13_Rb_tree_nodeISt4pairIKNSt7__cxx1112basic_stringIcSt11char_traitsIcESaIcEEEN7testing8internal34TypeParameterizedTestSuiteRegistry30TypeParameterizedTestSuiteInfoEEEE7destroyISE_EEvPT_ called 0 returned 0% blocks executed 0%
    #####:  154:	destroy(_Up* __p)
        -:  155:	noexcept(std::is_nothrow_destructible<_Up>::value)
    #####:  156:	{ __p->~_Up(); }
    %%%%%:  156-block  0
call    0 never executed
------------------
_ZN9__gnu_cxx13new_allocatorINSt7__cxx1112basic_stringIcSt11char_traitsIcESaIcEEEE7destroyIS6_EEvPT_:
function _ZN9__gnu_cxx13new_allocatorINSt7__cxx1112basic_stringIcSt11char_traitsIcESaIcEEEE7destroyIS6_EEvPT_ called 0 returned 0% blocks executed 0%
    #####:  154:	destroy(_Up* __p)
        -:  155:	noexcept(std::is_nothrow_destructible<_Up>::value)
    #####:  156:	{ __p->~_Up(); }
    %%%%%:  156-block  0
call    0 never executed
------------------
_ZN9__gnu_cxx13new_allocatorISt10shared_ptrIN7testing8internal26ThreadLocalValueHolderBaseEEE7destroyIS5_EEvPT_:
function _ZN9__gnu_cxx13new_allocatorISt10shared_ptrIN7testing8internal26ThreadLocalValueHolderBaseEEE7destroyIS5_EEvPT_ called 0 returned 0% blocks executed 0%
    #####:  154:	destroy(_Up* __p)
        -:  155:	noexcept(std::is_nothrow_destructible<_Up>::value)
    #####:  156:	{ __p->~_Up(); }
    %%%%%:  156-block  0
call    0 never executed
------------------
_ZN9__gnu_cxx13new_allocatorIPN7testing9TestSuiteEE7destroyIS3_EEvPT_:
function _ZN9__gnu_cxx13new_allocatorIPN7testing9TestSuiteEE7destroyIS3_EEvPT_ called 0 returned 0% blocks executed 0%
    #####:  154:	destroy(_Up* __p)
        -:  155:	noexcept(std::is_nothrow_destructible<_Up>::value)
    #####:  156:	{ __p->~_Up(); }
------------------
_ZN9__gnu_cxx13new_allocatorIPN7testing17TestEventListenerEE7destroyIS3_EEvPT_:
function _ZN9__gnu_cxx13new_allocatorIPN7testing17TestEventListenerEE7destroyIS3_EEvPT_ called 0 returned 0% blocks executed 0%
    #####:  154:	destroy(_Up* __p)
        -:  155:	noexcept(std::is_nothrow_destructible<_Up>::value)
    #####:  156:	{ __p->~_Up(); }
------------------
_ZN9__gnu_cxx13new_allocatorIN7testing12TestPropertyEE7destroyIS2_EEvPT_:
function _ZN9__gnu_cxx13new_allocatorIN7testing12TestPropertyEE7destroyIS2_EEvPT_ called 0 returned 0% blocks executed 0%
    #####:  154:	destroy(_Up* __p)
        -:  155:	noexcept(std::is_nothrow_destructible<_Up>::value)
    #####:  156:	{ __p->~_Up(); }
    %%%%%:  156-block  0
call    0 never executed
------------------
_ZN9__gnu_cxx13new_allocatorIN7testing14TestPartResultEE7destroyIS2_EEvPT_:
function _ZN9__gnu_cxx13new_allocatorIN7testing14TestPartResultEE7destroyIS2_EEvPT_ called 0 returned 0% blocks executed 0%
    #####:  154:	destroy(_Up* __p)
        -:  155:	noexcept(std::is_nothrow_destructible<_Up>::value)
    #####:  156:	{ __p->~_Up(); }
    %%%%%:  156-block  0
call    0 never executed
------------------
_ZN9__gnu_cxx13new_allocatorISt10_List_nodeISt4pairIcPKcEEE7destroyIS5_EEvPT_:
function _ZN9__gnu_cxx13new_allocatorISt10_List_nodeISt4pairIcPKcEEE7destroyIS5_EEvPT_ called 0 returned 0% blocks executed 0%
    #####:  154:	destroy(_Up* __p)
        -:  155:	noexcept(std::is_nothrow_destructible<_Up>::value)
    #####:  156:	{ __p->~_Up(); }
------------------
_ZN9__gnu_cxx13new_allocatorIN7testing8internal9TraceInfoEE7destroyIS3_EEvPT_:
function _ZN9__gnu_cxx13new_allocatorIN7testing8internal9TraceInfoEE7destroyIS3_EEvPT_ called 0 returned 0% blocks executed 0%
    #####:  154:	destroy(_Up* __p)
        -:  155:	noexcept(std::is_nothrow_destructible<_Up>::value)
    #####:  156:	{ __p->~_Up(); }
    %%%%%:  156-block  0
call    0 never executed
------------------
        -:  157:#else
        -:  158:      // _GLIBCXX_RESOLVE_LIB_DEFECTS
        -:  159:      // 402. wrong new expression in [some_] allocator::construct
        -:  160:      void
        -:  161:      construct(pointer __p, const _Tp& __val)
        -:  162:      { ::new((void *)__p) _Tp(__val); }
        -:  163:
        -:  164:      void
        -:  165:      destroy(pointer __p) { __p->~_Tp(); }
        -:  166:#endif
        -:  167:#endif // ! C++20
        -:  168:
        -:  169:      template<typename _Up>
        -:  170:	friend _GLIBCXX20_CONSTEXPR bool
        -:  171:	operator==(const new_allocator&, const new_allocator<_Up>&)
        -:  172:	_GLIBCXX_NOTHROW
        -:  173:	{ return true; }
        -:  174:
        -:  175:#if __cpp_impl_three_way_comparison < 201907L
        -:  176:      template<typename _Up>
        -:  177:	friend _GLIBCXX20_CONSTEXPR bool
        -:  178:	operator!=(const new_allocator&, const new_allocator<_Up>&)
        -:  179:	_GLIBCXX_NOTHROW
        -:  180:	{ return false; }
        -:  181:#endif
        -:  182:
        -:  183:    private:
        -:  184:      _GLIBCXX_CONSTEXPR size_type
     121*:  185:      _M_max_size() const _GLIBCXX_USE_NOEXCEPT
        -:  186:      {
        -:  187:#if __PTRDIFF_MAX__ < __SIZE_MAX__
     121*:  188:	return std::size_t(__PTRDIFF_MAX__) / sizeof(_Tp);
        -:  189:#else
        -:  190:	return std::size_t(-1) / sizeof(_Tp);
        -:  191:#endif
        -:  192:      }
        -:  193:    };
        -:  194:
        -:  195:_GLIBCXX_END_NAMESPACE_VERSION
        -:  196:} // namespace
        -:  197:
        -:  198:#endif
