        -:    0:Source:C:/msys64/mingw64/include/c++/10.3.0/bits/move.h
        -:    0:Graph:C:\Users\Asus\CLionProjects\laba6\cmake-build-debug-coverage\_deps\googletest-build\googletest\CMakeFiles\gtest.dir\src\gtest-all.cc.gcno
        -:    0:Data:C:\Users\Asus\CLionProjects\laba6\cmake-build-debug-coverage\_deps\googletest-build\googletest\CMakeFiles\gtest.dir\src\gtest-all.cc.gcda
        -:    0:Runs:1
        -:    1:// Move, forward and identity for C++11 + swap -*- C++ -*-
        -:    2:
        -:    3:// Copyright (C) 2007-2020 Free Software Foundation, Inc.
        -:    4://
        -:    5:// This file is part of the GNU ISO C++ Library.  This library is free
        -:    6:// software; you can redistribute it and/or modify it under the
        -:    7:// terms of the GNU General Public License as published by the
        -:    8:// Free Software Foundation; either version 3, or (at your option)
        -:    9:// any later version.
        -:   10:
        -:   11:// This library is distributed in the hope that it will be useful,
        -:   12:// but WITHOUT ANY WARRANTY; without even the implied warranty of
        -:   13:// MERCHANTABILITY or FITNESS FOR A PARTICULAR PURPOSE.  See the
        -:   14:// GNU General Public License for more details.
        -:   15:
        -:   16:// Under Section 7 of GPL version 3, you are granted additional
        -:   17:// permissions described in the GCC Runtime Library Exception, version
        -:   18:// 3.1, as published by the Free Software Foundation.
        -:   19:
        -:   20:// You should have received a copy of the GNU General Public License and
        -:   21:// a copy of the GCC Runtime Library Exception along with this program;
        -:   22:// see the files COPYING3 and COPYING.RUNTIME respectively.  If not, see
        -:   23:// <http://www.gnu.org/licenses/>.
        -:   24:
        -:   25:/** @file bits/move.h
        -:   26: *  This is an internal header file, included by other library headers.
        -:   27: *  Do not attempt to use it directly. @headername{utility}
        -:   28: */
        -:   29:
        -:   30:#ifndef _MOVE_H
        -:   31:#define _MOVE_H 1
        -:   32:
        -:   33:#include <bits/c++config.h>
        -:   34:#if __cplusplus < 201103L
        -:   35:# include <bits/concept_check.h>
        -:   36:#endif
        -:   37:
        -:   38:namespace std _GLIBCXX_VISIBILITY(default)
        -:   39:{
        -:   40:_GLIBCXX_BEGIN_NAMESPACE_VERSION
        -:   41:
        -:   42:  // Used, in C++03 mode too, by allocators, etc.
        -:   43:  /**
        -:   44:   *  @brief Same as C++11 std::addressof
        -:   45:   *  @ingroup utilities
        -:   46:   */
        -:   47:  template<typename _Tp>
        -:   48:    inline _GLIBCXX_CONSTEXPR _Tp*
       2*:   49:    __addressof(_Tp& __r) _GLIBCXX_NOEXCEPT
       2*:   50:    { return __builtin_addressof(__r); }
------------------
_ZSt11__addressofIN7testing8internal9TraceInfoEEPT_RS3_:
function _ZSt11__addressofIN7testing8internal9TraceInfoEEPT_RS3_ called 0 returned 0% blocks executed 0%
    #####:   49:    __addressof(_Tp& __r) _GLIBCXX_NOEXCEPT
    #####:   50:    { return __builtin_addressof(__r); }
    %%%%%:   50-block  0
------------------
_ZSt11__addressofISt10shared_ptrIN7testing8internal26ThreadLocalValueHolderBaseEEEPT_RS5_:
function _ZSt11__addressofISt10shared_ptrIN7testing8internal26ThreadLocalValueHolderBaseEEEPT_RS5_ called 0 returned 0% blocks executed 0%
    #####:   49:    __addressof(_Tp& __r) _GLIBCXX_NOEXCEPT
    #####:   50:    { return __builtin_addressof(__r); }
    %%%%%:   50-block  0
------------------
_ZSt11__addressofIN7testing12TestPropertyEEPT_RS2_:
function _ZSt11__addressofIN7testing12TestPropertyEEPT_RS2_ called 0 returned 0% blocks executed 0%
    #####:   49:    __addressof(_Tp& __r) _GLIBCXX_NOEXCEPT
    #####:   50:    { return __builtin_addressof(__r); }
    %%%%%:   50-block  0
------------------
_ZSt11__addressofISaISt10_List_nodeISt4pairIcPKcEEEEPT_RS7_:
function _ZSt11__addressofISaISt10_List_nodeISt4pairIcPKcEEEEPT_RS7_ called 0 returned 0% blocks executed 0%
    #####:   49:    __addressof(_Tp& __r) _GLIBCXX_NOEXCEPT
    #####:   50:    { return __builtin_addressof(__r); }
    %%%%%:   50-block  0
------------------
_ZSt11__addressofISt6vectorIN7testing8internal13edit_distance8EditTypeESaIS4_EEEPT_RS7_:
function _ZSt11__addressofISt6vectorIN7testing8internal13edit_distance8EditTypeESaIS4_EEEPT_RS7_ called 0 returned 0% blocks executed 0%
    #####:   49:    __addressof(_Tp& __r) _GLIBCXX_NOEXCEPT
    #####:   50:    { return __builtin_addressof(__r); }
    %%%%%:   50-block  0
------------------
_ZSt11__addressofISt6vectorIdSaIdEEEPT_RS3_:
function _ZSt11__addressofISt6vectorIdSaIdEEEPT_RS3_ called 0 returned 0% blocks executed 0%
    #####:   49:    __addressof(_Tp& __r) _GLIBCXX_NOEXCEPT
    #####:   50:    { return __builtin_addressof(__r); }
    %%%%%:   50-block  0
------------------
_ZSt11__addressofINSt7__cxx1112basic_stringIcSt11char_traitsIcESaIcEEEEPT_RS6_:
function _ZSt11__addressofINSt7__cxx1112basic_stringIcSt11char_traitsIcESaIcEEEEPT_RS6_ called 2 returned 100% blocks executed 100%
        2:   49:    __addressof(_Tp& __r) _GLIBCXX_NOEXCEPT
        2:   50:    { return __builtin_addressof(__r); }
        2:   50-block  0
------------------
_ZSt11__addressofIN7testing14TestPartResultEEPT_RS2_:
function _ZSt11__addressofIN7testing14TestPartResultEEPT_RS2_ called 0 returned 0% blocks executed 0%
    #####:   49:    __addressof(_Tp& __r) _GLIBCXX_NOEXCEPT
    #####:   50:    { return __builtin_addressof(__r); }
    %%%%%:   50-block  0
------------------
        -:   51:
        -:   52:#if __cplusplus >= 201103L
        -:   53:
        -:   54:_GLIBCXX_END_NAMESPACE_VERSION
        -:   55:} // namespace
        -:   56:
        -:   57:#include <type_traits> // Brings in std::declval too.
        -:   58:
        -:   59:namespace std _GLIBCXX_VISIBILITY(default)
        -:   60:{
        -:   61:_GLIBCXX_BEGIN_NAMESPACE_VERSION
        -:   62:
        -:   63:  /**
        -:   64:   *  @addtogroup utilities
        -:   65:   *  @{
        -:   66:   */
        -:   67:
        -:   68:  /**
        -:   69:   *  @brief  Forward an lvalue.
        -:   70:   *  @return The parameter cast to the specified type.
        -:   71:   *
        -:   72:   *  This function is used to implement "perfect forwarding".
        -:   73:   */
        -:   74:  template<typename _Tp>
        -:   75:    constexpr _Tp&&
     161*:   76:    forward(typename std::remove_reference<_Tp>::type& __t) noexcept
     161*:   77:    { return static_cast<_Tp&&>(__t); }
------------------
_ZSt7forwardIRPvEOT_RNSt16remove_referenceIS2_E4typeE:
function _ZSt7forwardIRPvEOT_RNSt16remove_referenceIS2_E4typeE called 0 returned 0% blocks executed 0%
    #####:   76:    forward(typename std::remove_reference<_Tp>::type& __t) noexcept
    #####:   77:    { return static_cast<_Tp&&>(__t); }
    %%%%%:   77-block  0
------------------
_ZSt7forwardIRKPN7testing9TestSuiteEEOT_RNSt16remove_referenceIS5_E4typeE:
function _ZSt7forwardIRKPN7testing9TestSuiteEEOT_RNSt16remove_referenceIS5_E4typeE called 14 returned 100% blocks executed 100%
       14:   76:    forward(typename std::remove_reference<_Tp>::type& __t) noexcept
       14:   77:    { return static_cast<_Tp&&>(__t); }
       14:   77-block  0
------------------
_ZSt7forwardIRKN7testing8internal9TraceInfoEEOT_RNSt16remove_referenceIS5_E4typeE:
function _ZSt7forwardIRKN7testing8internal9TraceInfoEEOT_RNSt16remove_referenceIS5_E4typeE called 0 returned 0% blocks executed 0%
    #####:   76:    forward(typename std::remove_reference<_Tp>::type& __t) noexcept
    #####:   77:    { return static_cast<_Tp&&>(__t); }
    %%%%%:   77-block  0
------------------
_ZSt7forwardIRKPN7testing11EnvironmentEEOT_RNSt16remove_referenceIS5_E4typeE:
function _ZSt7forwardIRKPN7testing11EnvironmentEEOT_RNSt16remove_referenceIS5_E4typeE called 0 returned 0% blocks executed 0%
    #####:   76:    forward(typename std::remove_reference<_Tp>::type& __t) noexcept
    #####:   77:    { return static_cast<_Tp&&>(__t); }
    %%%%%:   77-block  0
------------------
_ZSt7forwardIRKPN7testing17TestEventListenerEEOT_RNSt16remove_referenceIS5_E4typeE:
function _ZSt7forwardIRKPN7testing17TestEventListenerEEOT_RNSt16remove_referenceIS5_E4typeE called 3 returned 100% blocks executed 100%
        3:   76:    forward(typename std::remove_reference<_Tp>::type& __t) noexcept
        3:   77:    { return static_cast<_Tp&&>(__t); }
        3:   77-block  0
------------------
_ZSt7forwardIRKPN7testing8TestInfoEEOT_RNSt16remove_referenceIS5_E4typeE:
function _ZSt7forwardIRKPN7testing8TestInfoEEOT_RNSt16remove_referenceIS5_E4typeE called 51 returned 100% blocks executed 100%
       51:   76:    forward(typename std::remove_reference<_Tp>::type& __t) noexcept
       51:   77:    { return static_cast<_Tp&&>(__t); }
       51:   77-block  0
------------------
_ZSt7forwardIRKN7testing12TestPropertyEEOT_RNSt16remove_referenceIS4_E4typeE:
function _ZSt7forwardIRKN7testing12TestPropertyEEOT_RNSt16remove_referenceIS4_E4typeE called 0 returned 0% blocks executed 0%
    #####:   76:    forward(typename std::remove_reference<_Tp>::type& __t) noexcept
    #####:   77:    { return static_cast<_Tp&&>(__t); }
    %%%%%:   77-block  0
------------------
_ZSt7forwardIRKN7testing14TestPartResultEEOT_RNSt16remove_referenceIS4_E4typeE:
function _ZSt7forwardIRKN7testing14TestPartResultEEOT_RNSt16remove_referenceIS4_E4typeE called 0 returned 0% blocks executed 0%
    #####:   76:    forward(typename std::remove_reference<_Tp>::type& __t) noexcept
    #####:   77:    { return static_cast<_Tp&&>(__t); }
    %%%%%:   77-block  0
------------------
_ZSt7forwardISt4pairIcPKcEEOT_RNSt16remove_referenceIS4_E4typeE:
function _ZSt7forwardISt4pairIcPKcEEOT_RNSt16remove_referenceIS4_E4typeE called 0 returned 0% blocks executed 0%
    #####:   76:    forward(typename std::remove_reference<_Tp>::type& __t) noexcept
    #####:   77:    { return static_cast<_Tp&&>(__t); }
    %%%%%:   77-block  0
------------------
_ZSt7forwardISt5tupleIJEEEOT_RNSt16remove_referenceIS2_E4typeE:
function _ZSt7forwardISt5tupleIJEEEOT_RNSt16remove_referenceIS2_E4typeE called 0 returned 0% blocks executed 0%
    #####:   76:    forward(typename std::remove_reference<_Tp>::type& __t) noexcept
    #####:   77:    { return static_cast<_Tp&&>(__t); }
    %%%%%:   77-block  0
------------------
_ZSt7forwardISt5tupleIJRKNSt7__cxx1112basic_stringIcSt11char_traitsIcESaIcEEEEEEOT_RNSt16remove_referenceISA_E4typeE:
function _ZSt7forwardISt5tupleIJRKNSt7__cxx1112basic_stringIcSt11char_traitsIcESaIcEEEEEEOT_RNSt16remove_referenceISA_E4typeE called 0 returned 0% blocks executed 0%
    #####:   76:    forward(typename std::remove_reference<_Tp>::type& __t) noexcept
    #####:   77:    { return static_cast<_Tp&&>(__t); }
    %%%%%:   77-block  0
------------------
_ZSt7forwardIRKSt21piecewise_construct_tEOT_RNSt16remove_referenceIS3_E4typeE:
function _ZSt7forwardIRKSt21piecewise_construct_tEOT_RNSt16remove_referenceIS3_E4typeE called 0 returned 0% blocks executed 0%
    #####:   76:    forward(typename std::remove_reference<_Tp>::type& __t) noexcept
    #####:   77:    { return static_cast<_Tp&&>(__t); }
    %%%%%:   77-block  0
------------------
_ZSt7forwardIRKN7testing8internal13edit_distance8EditTypeEEOT_RNSt16remove_referenceIS6_E4typeE:
function _ZSt7forwardIRKN7testing8internal13edit_distance8EditTypeEEOT_RNSt16remove_referenceIS6_E4typeE called 0 returned 0% blocks executed 0%
    #####:   76:    forward(typename std::remove_reference<_Tp>::type& __t) noexcept
    #####:   77:    { return static_cast<_Tp&&>(__t); }
    %%%%%:   77-block  0
------------------
_ZSt7forwardIRbEOT_RNSt16remove_referenceIS1_E4typeE:
function _ZSt7forwardIRbEOT_RNSt16remove_referenceIS1_E4typeE called 0 returned 0% blocks executed 0%
    #####:   76:    forward(typename std::remove_reference<_Tp>::type& __t) noexcept
    #####:   77:    { return static_cast<_Tp&&>(__t); }
    %%%%%:   77-block  0
------------------
_ZSt7forwardIRSt17_Rb_tree_iteratorINSt7__cxx1112basic_stringIcSt11char_traitsIcESaIcEEEEEOT_RNSt16remove_referenceIS9_E4typeE:
function _ZSt7forwardIRSt17_Rb_tree_iteratorINSt7__cxx1112basic_stringIcSt11char_traitsIcESaIcEEEEEOT_RNSt16remove_referenceIS9_E4typeE called 0 returned 0% blocks executed 0%
    #####:   76:    forward(typename std::remove_reference<_Tp>::type& __t) noexcept
    #####:   77:    { return static_cast<_Tp&&>(__t); }
    %%%%%:   77-block  0
------------------
_ZSt7forwardIPN7testing9TestSuiteEEOT_RNSt16remove_referenceIS3_E4typeE:
function _ZSt7forwardIPN7testing9TestSuiteEEOT_RNSt16remove_referenceIS3_E4typeE called 0 returned 0% blocks executed 0%
    #####:   76:    forward(typename std::remove_reference<_Tp>::type& __t) noexcept
    #####:   77:    { return static_cast<_Tp&&>(__t); }
    %%%%%:   77-block  0
------------------
_ZSt7forwardISt4pairIPKN7testing8internal15ThreadLocalBaseESt10shared_ptrINS2_26ThreadLocalValueHolderBaseEEEEOT_RNSt16remove_referenceISA_E4typeE:
function _ZSt7forwardISt4pairIPKN7testing8internal15ThreadLocalBaseESt10shared_ptrINS2_26ThreadLocalValueHolderBaseEEEEOT_RNSt16remove_referenceISA_E4typeE called 0 returned 0% blocks executed 0%
    #####:   76:    forward(typename std::remove_reference<_Tp>::type& __t) noexcept
    #####:   77:    { return static_cast<_Tp&&>(__t); }
    %%%%%:   77-block  0
------------------
_ZSt7forwardISt10shared_ptrIN7testing8internal26ThreadLocalValueHolderBaseEEEOT_RNSt16remove_referenceIS5_E4typeE:
function _ZSt7forwardISt10shared_ptrIN7testing8internal26ThreadLocalValueHolderBaseEEEOT_RNSt16remove_referenceIS5_E4typeE called 0 returned 0% blocks executed 0%
    #####:   76:    forward(typename std::remove_reference<_Tp>::type& __t) noexcept
    #####:   77:    { return static_cast<_Tp&&>(__t); }
    %%%%%:   77-block  0
------------------
_ZSt7forwardIRPKN7testing8internal15ThreadLocalBaseEEOT_RNSt16remove_referenceIS6_E4typeE:
function _ZSt7forwardIRPKN7testing8internal15ThreadLocalBaseEEOT_RNSt16remove_referenceIS6_E4typeE called 0 returned 0% blocks executed 0%
    #####:   76:    forward(typename std::remove_reference<_Tp>::type& __t) noexcept
    #####:   77:    { return static_cast<_Tp&&>(__t); }
    %%%%%:   77-block  0
------------------
_ZSt7forwardISt4pairImSt3mapIPKN7testing8internal15ThreadLocalBaseESt10shared_ptrINS3_26ThreadLocalValueHolderBaseEESt4lessIS6_ESaIS0_IKS6_S9_EEEEEOT_RNSt16remove_referenceISH_E4typeE:
function _ZSt7forwardISt4pairImSt3mapIPKN7testing8internal15ThreadLocalBaseESt10shared_ptrINS3_26ThreadLocalValueHolderBaseEESt4lessIS6_ESaIS0_IKS6_S9_EEEEEOT_RNSt16remove_referenceISH_E4typeE called 0 returned 0% blocks executed 0%
    #####:   76:    forward(typename std::remove_reference<_Tp>::type& __t) noexcept
    #####:   77:    { return static_cast<_Tp&&>(__t); }
    %%%%%:   77-block  0
------------------
_ZSt7forwardISt3mapIPKN7testing8internal15ThreadLocalBaseESt10shared_ptrINS2_26ThreadLocalValueHolderBaseEESt4lessIS5_ESaISt4pairIKS5_S8_EEEEOT_RNSt16remove_referenceISG_E4typeE:
function _ZSt7forwardISt3mapIPKN7testing8internal15ThreadLocalBaseESt10shared_ptrINS2_26ThreadLocalValueHolderBaseEESt4lessIS5_ESaISt4pairIKS5_S8_EEEEOT_RNSt16remove_referenceISG_E4typeE called 0 returned 0% blocks executed 0%
    #####:   76:    forward(typename std::remove_reference<_Tp>::type& __t) noexcept
    #####:   77:    { return static_cast<_Tp&&>(__t); }
    %%%%%:   77-block  0
------------------
_ZSt7forwardIRmEOT_RNSt16remove_referenceIS1_E4typeE:
function _ZSt7forwardIRmEOT_RNSt16remove_referenceIS1_E4typeE called 0 returned 0% blocks executed 0%
    #####:   76:    forward(typename std::remove_reference<_Tp>::type& __t) noexcept
    #####:   77:    { return static_cast<_Tp&&>(__t); }
    %%%%%:   77-block  0
------------------
_ZSt7forwardIN7testing8internal9EqMatcherINSt7__cxx1112basic_stringIcSt11char_traitsIcESaIcEEEEEEOT_RNSt16remove_referenceISA_E4typeE:
function _ZSt7forwardIN7testing8internal9EqMatcherINSt7__cxx1112basic_stringIcSt11char_traitsIcESaIcEEEEEEOT_RNSt16remove_referenceISA_E4typeE called 0 returned 0% blocks executed 0%
    #####:   76:    forward(typename std::remove_reference<_Tp>::type& __t) noexcept
    #####:   77:    { return static_cast<_Tp&&>(__t); }
    %%%%%:   77-block  0
------------------
_ZSt7forwardIcEOT_RNSt16remove_referenceIS0_E4typeE:
function _ZSt7forwardIcEOT_RNSt16remove_referenceIS0_E4typeE called 0 returned 0% blocks executed 0%
    #####:   76:    forward(typename std::remove_reference<_Tp>::type& __t) noexcept
    #####:   77:    { return static_cast<_Tp&&>(__t); }
    %%%%%:   77-block  0
------------------
_ZSt7forwardIN7testing8internal34TypeParameterizedTestSuiteRegistry30TypeParameterizedTestSuiteInfoEEOT_RNSt16remove_referenceIS4_E4typeE:
function _ZSt7forwardIN7testing8internal34TypeParameterizedTestSuiteRegistry30TypeParameterizedTestSuiteInfoEEOT_RNSt16remove_referenceIS4_E4typeE called 0 returned 0% blocks executed 0%
    #####:   76:    forward(typename std::remove_reference<_Tp>::type& __t) noexcept
    #####:   77:    { return static_cast<_Tp&&>(__t); }
    %%%%%:   77-block  0
------------------
_ZSt7forwardINSt7__cxx1112basic_stringIcSt11char_traitsIcESaIcEEEEOT_RNSt16remove_referenceIS6_E4typeE:
function _ZSt7forwardINSt7__cxx1112basic_stringIcSt11char_traitsIcESaIcEEEEOT_RNSt16remove_referenceIS6_E4typeE called 4 returned 100% blocks executed 100%
        4:   76:    forward(typename std::remove_reference<_Tp>::type& __t) noexcept
        4:   77:    { return static_cast<_Tp&&>(__t); }
        4:   77-block  0
------------------
_ZSt7forwardIyEOT_RNSt16remove_referenceIS0_E4typeE:
function _ZSt7forwardIyEOT_RNSt16remove_referenceIS0_E4typeE called 0 returned 0% blocks executed 0%
    #####:   76:    forward(typename std::remove_reference<_Tp>::type& __t) noexcept
    #####:   77:    { return static_cast<_Tp&&>(__t); }
    %%%%%:   77-block  0
------------------
_ZSt7forwardIbEOT_RNSt16remove_referenceIS0_E4typeE:
function _ZSt7forwardIbEOT_RNSt16remove_referenceIS0_E4typeE called 0 returned 0% blocks executed 0%
    #####:   76:    forward(typename std::remove_reference<_Tp>::type& __t) noexcept
    #####:   77:    { return static_cast<_Tp&&>(__t); }
    %%%%%:   77-block  0
------------------
_ZSt7forwardIRPKcEOT_RNSt16remove_referenceIS3_E4typeE:
function _ZSt7forwardIRPKcEOT_RNSt16remove_referenceIS3_E4typeE called 0 returned 0% blocks executed 0%
    #####:   76:    forward(typename std::remove_reference<_Tp>::type& __t) noexcept
    #####:   77:    { return static_cast<_Tp&&>(__t); }
    %%%%%:   77-block  0
------------------
_ZSt7forwardIiEOT_RNSt16remove_referenceIS0_E4typeE:
function _ZSt7forwardIiEOT_RNSt16remove_referenceIS0_E4typeE called 88 returned 100% blocks executed 100%
       88:   76:    forward(typename std::remove_reference<_Tp>::type& __t) noexcept
       88:   77:    { return static_cast<_Tp&&>(__t); }
       88:   77-block  0
------------------
_ZSt7forwardIPKN7testing8internal11MatcherBaseIRKSt17basic_string_viewIcSt11char_traitsIcEEEEEOT_RNSt16remove_referenceISC_E4typeE:
function _ZSt7forwardIPKN7testing8internal11MatcherBaseIRKSt17basic_string_viewIcSt11char_traitsIcEEEEEOT_RNSt16remove_referenceISC_E4typeE called 0 returned 0% blocks executed 0%
    #####:   76:    forward(typename std::remove_reference<_Tp>::type& __t) noexcept
    #####:   77:    { return static_cast<_Tp&&>(__t); }
    %%%%%:   77-block  0
------------------
_ZSt7forwardIN7testing12TestPropertyEEOT_RNSt16remove_referenceIS2_E4typeE:
function _ZSt7forwardIN7testing12TestPropertyEEOT_RNSt16remove_referenceIS2_E4typeE called 0 returned 0% blocks executed 0%
    #####:   76:    forward(typename std::remove_reference<_Tp>::type& __t) noexcept
    #####:   77:    { return static_cast<_Tp&&>(__t); }
    %%%%%:   77-block  0
------------------
_ZSt7forwardIN7testing14TestPartResultEEOT_RNSt16remove_referenceIS2_E4typeE:
function _ZSt7forwardIN7testing14TestPartResultEEOT_RNSt16remove_referenceIS2_E4typeE called 0 returned 0% blocks executed 0%
    #####:   76:    forward(typename std::remove_reference<_Tp>::type& __t) noexcept
    #####:   77:    { return static_cast<_Tp&&>(__t); }
    %%%%%:   77-block  0
------------------
_ZSt7forwardIPKN7testing8internal15ThreadLocalBaseEEOT_RNSt16remove_referenceIS5_E4typeE:
function _ZSt7forwardIPKN7testing8internal15ThreadLocalBaseEEOT_RNSt16remove_referenceIS5_E4typeE called 0 returned 0% blocks executed 0%
    #####:   76:    forward(typename std::remove_reference<_Tp>::type& __t) noexcept
    #####:   77:    { return static_cast<_Tp&&>(__t); }
    %%%%%:   77-block  0
------------------
_ZSt7forwardImEOT_RNSt16remove_referenceIS0_E4typeE:
function _ZSt7forwardImEOT_RNSt16remove_referenceIS0_E4typeE called 0 returned 0% blocks executed 0%
    #####:   76:    forward(typename std::remove_reference<_Tp>::type& __t) noexcept
    #####:   77:    { return static_cast<_Tp&&>(__t); }
    %%%%%:   77-block  0
------------------
_ZSt7forwardIRKPKcEOT_RNSt16remove_referenceIS4_E4typeE:
function _ZSt7forwardIRKPKcEOT_RNSt16remove_referenceIS4_E4typeE called 0 returned 0% blocks executed 0%
    #####:   76:    forward(typename std::remove_reference<_Tp>::type& __t) noexcept
    #####:   77:    { return static_cast<_Tp&&>(__t); }
    %%%%%:   77-block  0
------------------
_ZSt7forwardIOPKN7testing8internal11MatcherBaseISt17basic_string_viewIcSt11char_traitsIcEEEEEOT_RNSt16remove_referenceISB_E4typeE:
function _ZSt7forwardIOPKN7testing8internal11MatcherBaseISt17basic_string_viewIcSt11char_traitsIcEEEEEOT_RNSt16remove_referenceISB_E4typeE called 0 returned 0% blocks executed 0%
    #####:   76:    forward(typename std::remove_reference<_Tp>::type& __t) noexcept
    #####:   77:    { return static_cast<_Tp&&>(__t); }
    %%%%%:   77-block  0
------------------
_ZSt7forwardIOPKN7testing8internal11MatcherBaseIRKSt17basic_string_viewIcSt11char_traitsIcEEEEEOT_RNSt16remove_referenceISD_E4typeE:
function _ZSt7forwardIOPKN7testing8internal11MatcherBaseIRKSt17basic_string_viewIcSt11char_traitsIcEEEEEOT_RNSt16remove_referenceISD_E4typeE called 0 returned 0% blocks executed 0%
    #####:   76:    forward(typename std::remove_reference<_Tp>::type& __t) noexcept
    #####:   77:    { return static_cast<_Tp&&>(__t); }
    %%%%%:   77-block  0
------------------
_ZSt7forwardIOPKN7testing8internal11MatcherBaseINSt7__cxx1112basic_stringIcSt11char_traitsIcESaIcEEEEEEOT_RNSt16remove_referenceISD_E4typeE:
function _ZSt7forwardIOPKN7testing8internal11MatcherBaseINSt7__cxx1112basic_stringIcSt11char_traitsIcESaIcEEEEEEOT_RNSt16remove_referenceISD_E4typeE called 0 returned 0% blocks executed 0%
    #####:   76:    forward(typename std::remove_reference<_Tp>::type& __t) noexcept
    #####:   77:    { return static_cast<_Tp&&>(__t); }
    %%%%%:   77-block  0
------------------
_ZSt7forwardIOPKN7testing8internal11MatcherBaseIRKNSt7__cxx1112basic_stringIcSt11char_traitsIcESaIcEEEEEEOT_RNSt16remove_referenceISF_E4typeE:
function _ZSt7forwardIOPKN7testing8internal11MatcherBaseIRKNSt7__cxx1112basic_stringIcSt11char_traitsIcESaIcEEEEEEOT_RNSt16remove_referenceISF_E4typeE called 0 returned 0% blocks executed 0%
    #####:   76:    forward(typename std::remove_reference<_Tp>::type& __t) noexcept
    #####:   77:    { return static_cast<_Tp&&>(__t); }
    %%%%%:   77-block  0
------------------
_ZSt7forwardIPKN7testing8internal9EqMatcherINSt7__cxx1112basic_stringIcSt11char_traitsIcESaIcEEEEEEOT_RNSt16remove_referenceISC_E4typeE:
function _ZSt7forwardIPKN7testing8internal9EqMatcherINSt7__cxx1112basic_stringIcSt11char_traitsIcESaIcEEEEEEOT_RNSt16remove_referenceISC_E4typeE called 0 returned 0% blocks executed 0%
    #####:   76:    forward(typename std::remove_reference<_Tp>::type& __t) noexcept
    #####:   77:    { return static_cast<_Tp&&>(__t); }
    %%%%%:   77-block  0
------------------
_ZSt7forwardIRKSt6vectorIN7testing8internal13edit_distance8EditTypeESaIS4_EEEOT_RNSt16remove_referenceIS9_E4typeE:
function _ZSt7forwardIRKSt6vectorIN7testing8internal13edit_distance8EditTypeESaIS4_EEEOT_RNSt16remove_referenceIS9_E4typeE called 0 returned 0% blocks executed 0%
    #####:   76:    forward(typename std::remove_reference<_Tp>::type& __t) noexcept
    #####:   77:    { return static_cast<_Tp&&>(__t); }
    %%%%%:   77-block  0
------------------
_ZSt7forwardIRKSt6vectorIdSaIdEEEOT_RNSt16remove_referenceIS5_E4typeE:
function _ZSt7forwardIRKSt6vectorIdSaIdEEEOT_RNSt16remove_referenceIS5_E4typeE called 0 returned 0% blocks executed 0%
    #####:   76:    forward(typename std::remove_reference<_Tp>::type& __t) noexcept
    #####:   77:    { return static_cast<_Tp&&>(__t); }
    %%%%%:   77-block  0
------------------
_ZSt7forwardIRPSt13_Rb_tree_nodeISt4pairIKNSt7__cxx1112basic_stringIcSt11char_traitsIcESaIcEEEyEEEOT_RNSt16remove_referenceISD_E4typeE:
function _ZSt7forwardIRPSt13_Rb_tree_nodeISt4pairIKNSt7__cxx1112basic_stringIcSt11char_traitsIcESaIcEEEyEEEOT_RNSt16remove_referenceISD_E4typeE called 0 returned 0% blocks executed 0%
    #####:   76:    forward(typename std::remove_reference<_Tp>::type& __t) noexcept
    #####:   77:    { return static_cast<_Tp&&>(__t); }
    %%%%%:   77-block  0
------------------
_ZSt7forwardIPKN7testing8internal11MatcherBaseISt17basic_string_viewIcSt11char_traitsIcEEEEEOT_RNSt16remove_referenceISA_E4typeE:
function _ZSt7forwardIPKN7testing8internal11MatcherBaseISt17basic_string_viewIcSt11char_traitsIcEEEEEOT_RNSt16remove_referenceISA_E4typeE called 0 returned 0% blocks executed 0%
    #####:   76:    forward(typename std::remove_reference<_Tp>::type& __t) noexcept
    #####:   77:    { return static_cast<_Tp&&>(__t); }
    %%%%%:   77-block  0
------------------
_ZSt7forwardIN7testing8internal9TraceInfoEEOT_RNSt16remove_referenceIS3_E4typeE:
function _ZSt7forwardIN7testing8internal9TraceInfoEEOT_RNSt16remove_referenceIS3_E4typeE called 0 returned 0% blocks executed 0%
    #####:   76:    forward(typename std::remove_reference<_Tp>::type& __t) noexcept
    #####:   77:    { return static_cast<_Tp&&>(__t); }
    %%%%%:   77-block  0
------------------
_ZSt7forwardIPKN7testing8internal11MatcherBaseINSt7__cxx1112basic_stringIcSt11char_traitsIcESaIcEEEEEEOT_RNSt16remove_referenceISC_E4typeE:
function _ZSt7forwardIPKN7testing8internal11MatcherBaseINSt7__cxx1112basic_stringIcSt11char_traitsIcESaIcEEEEEEOT_RNSt16remove_referenceISC_E4typeE called 0 returned 0% blocks executed 0%
    #####:   76:    forward(typename std::remove_reference<_Tp>::type& __t) noexcept
    #####:   77:    { return static_cast<_Tp&&>(__t); }
    %%%%%:   77-block  0
------------------
_ZSt7forwardIPKN7testing8internal11MatcherBaseIRKNSt7__cxx1112basic_stringIcSt11char_traitsIcESaIcEEEEEEOT_RNSt16remove_referenceISE_E4typeE:
function _ZSt7forwardIPKN7testing8internal11MatcherBaseIRKNSt7__cxx1112basic_stringIcSt11char_traitsIcESaIcEEEEEEOT_RNSt16remove_referenceISE_E4typeE called 0 returned 0% blocks executed 0%
    #####:   76:    forward(typename std::remove_reference<_Tp>::type& __t) noexcept
    #####:   77:    { return static_cast<_Tp&&>(__t); }
    %%%%%:   77-block  0
------------------
_ZSt7forwardIRPSt13_Rb_tree_nodeISt4pairIKPKN7testing8internal15ThreadLocalBaseESt10shared_ptrINS3_26ThreadLocalValueHolderBaseEEEEEOT_RNSt16remove_referenceISF_E4typeE:
function _ZSt7forwardIRPSt13_Rb_tree_nodeISt4pairIKPKN7testing8internal15ThreadLocalBaseESt10shared_ptrINS3_26ThreadLocalValueHolderBaseEEEEEOT_RNSt16remove_referenceISF_E4typeE called 0 returned 0% blocks executed 0%
    #####:   76:    forward(typename std::remove_reference<_Tp>::type& __t) noexcept
    #####:   77:    { return static_cast<_Tp&&>(__t); }
    %%%%%:   77-block  0
------------------
_ZSt7forwardIRPSt13_Rb_tree_nodeISt4pairIKmSt3mapIPKN7testing8internal15ThreadLocalBaseESt10shared_ptrINS5_26ThreadLocalValueHolderBaseEESt4lessIS8_ESaIS1_IKS8_SB_EEEEEEOT_RNSt16remove_referenceISM_E4typeE:
function _ZSt7forwardIRPSt13_Rb_tree_nodeISt4pairIKmSt3mapIPKN7testing8internal15ThreadLocalBaseESt10shared_ptrINS5_26ThreadLocalValueHolderBaseEESt4lessIS8_ESaIS1_IKS8_SB_EEEEEEOT_RNSt16remove_referenceISM_E4typeE called 0 returned 0% blocks executed 0%
    #####:   76:    forward(typename std::remove_reference<_Tp>::type& __t) noexcept
    #####:   77:    { return static_cast<_Tp&&>(__t); }
    %%%%%:   77-block  0
------------------
_ZSt7forwardIRPSt13_Rb_tree_nodeISt4pairIKNSt7__cxx1112basic_stringIcSt11char_traitsIcESaIcEEEN7testing8internal34TypeParameterizedTestSuiteRegistry30TypeParameterizedTestSuiteInfoEEEEOT_RNSt16remove_referenceISH_E4typeE:
function _ZSt7forwardIRPSt13_Rb_tree_nodeISt4pairIKNSt7__cxx1112basic_stringIcSt11char_traitsIcESaIcEEEN7testing8internal34TypeParameterizedTestSuiteRegistry30TypeParameterizedTestSuiteInfoEEEEOT_RNSt16remove_referenceISH_E4typeE called 0 returned 0% blocks executed 0%
    #####:   76:    forward(typename std::remove_reference<_Tp>::type& __t) noexcept
    #####:   77:    { return static_cast<_Tp&&>(__t); }
    %%%%%:   77-block  0
------------------
_ZSt7forwardIRPSt13_Rb_tree_nodeINSt7__cxx1112basic_stringIcSt11char_traitsIcESaIcEEEEEOT_RNSt16remove_referenceISA_E4typeE:
function _ZSt7forwardIRPSt13_Rb_tree_nodeINSt7__cxx1112basic_stringIcSt11char_traitsIcESaIcEEEEEOT_RNSt16remove_referenceISA_E4typeE called 0 returned 0% blocks executed 0%
    #####:   76:    forward(typename std::remove_reference<_Tp>::type& __t) noexcept
    #####:   77:    { return static_cast<_Tp&&>(__t); }
    %%%%%:   77-block  0
------------------
_ZSt7forwardIRPSt18_Rb_tree_node_baseEOT_RNSt16remove_referenceIS3_E4typeE:
function _ZSt7forwardIRPSt18_Rb_tree_node_baseEOT_RNSt16remove_referenceIS3_E4typeE called 0 returned 0% blocks executed 0%
    #####:   76:    forward(typename std::remove_reference<_Tp>::type& __t) noexcept
    #####:   77:    { return static_cast<_Tp&&>(__t); }
    %%%%%:   77-block  0
------------------
_ZSt7forwardISt17_Rb_tree_iteratorISt4pairIKPKN7testing8internal15ThreadLocalBaseESt10shared_ptrINS3_26ThreadLocalValueHolderBaseEEEEEOT_RNSt16remove_referenceISD_E4typeE:
function _ZSt7forwardISt17_Rb_tree_iteratorISt4pairIKPKN7testing8internal15ThreadLocalBaseESt10shared_ptrINS3_26ThreadLocalValueHolderBaseEEEEEOT_RNSt16remove_referenceISD_E4typeE called 0 returned 0% blocks executed 0%
    #####:   76:    forward(typename std::remove_reference<_Tp>::type& __t) noexcept
    #####:   77:    { return static_cast<_Tp&&>(__t); }
    %%%%%:   77-block  0
------------------
_ZSt7forwardISt17_Rb_tree_iteratorISt4pairIKmSt3mapIPKN7testing8internal15ThreadLocalBaseESt10shared_ptrINS5_26ThreadLocalValueHolderBaseEESt4lessIS8_ESaIS1_IKS8_SB_EEEEEEOT_RNSt16remove_referenceISK_E4typeE:
function _ZSt7forwardISt17_Rb_tree_iteratorISt4pairIKmSt3mapIPKN7testing8internal15ThreadLocalBaseESt10shared_ptrINS5_26ThreadLocalValueHolderBaseEESt4lessIS8_ESaIS1_IKS8_SB_EEEEEEOT_RNSt16remove_referenceISK_E4typeE called 0 returned 0% blocks executed 0%
    #####:   76:    forward(typename std::remove_reference<_Tp>::type& __t) noexcept
    #####:   77:    { return static_cast<_Tp&&>(__t); }
    %%%%%:   77-block  0
------------------
_ZSt7forwardISt17_Rb_tree_iteratorISt4pairIKNSt7__cxx1112basic_stringIcSt11char_traitsIcESaIcEEEN7testing8internal34TypeParameterizedTestSuiteRegistry30TypeParameterizedTestSuiteInfoEEEEOT_RNSt16remove_referenceISF_E4typeE:
function _ZSt7forwardISt17_Rb_tree_iteratorISt4pairIKNSt7__cxx1112basic_stringIcSt11char_traitsIcESaIcEEEN7testing8internal34TypeParameterizedTestSuiteRegistry30TypeParameterizedTestSuiteInfoEEEEOT_RNSt16remove_referenceISF_E4typeE called 0 returned 0% blocks executed 0%
    #####:   76:    forward(typename std::remove_reference<_Tp>::type& __t) noexcept
    #####:   77:    { return static_cast<_Tp&&>(__t); }
    %%%%%:   77-block  0
------------------
_ZSt7forwardISt17_Rb_tree_iteratorINSt7__cxx1112basic_stringIcSt11char_traitsIcESaIcEEEEEOT_RNSt16remove_referenceIS8_E4typeE:
function _ZSt7forwardISt17_Rb_tree_iteratorINSt7__cxx1112basic_stringIcSt11char_traitsIcESaIcEEEEEOT_RNSt16remove_referenceIS8_E4typeE called 0 returned 0% blocks executed 0%
    #####:   76:    forward(typename std::remove_reference<_Tp>::type& __t) noexcept
    #####:   77:    { return static_cast<_Tp&&>(__t); }
    %%%%%:   77-block  0
------------------
_ZSt7forwardIRKNSt7__cxx1112basic_stringIcSt11char_traitsIcESaIcEEEEOT_RNSt16remove_referenceIS8_E4typeE:
function _ZSt7forwardIRKNSt7__cxx1112basic_stringIcSt11char_traitsIcESaIcEEEEOT_RNSt16remove_referenceIS8_E4typeE called 1 returned 100% blocks executed 100%
        1:   76:    forward(typename std::remove_reference<_Tp>::type& __t) noexcept
        1:   77:    { return static_cast<_Tp&&>(__t); }
        1:   77-block  0
------------------
_ZSt7forwardIRKSt10shared_ptrIN7testing8internal26ThreadLocalValueHolderBaseEEEOT_RNSt16remove_referenceIS7_E4typeE:
function _ZSt7forwardIRKSt10shared_ptrIN7testing8internal26ThreadLocalValueHolderBaseEEEOT_RNSt16remove_referenceIS7_E4typeE called 0 returned 0% blocks executed 0%
    #####:   76:    forward(typename std::remove_reference<_Tp>::type& __t) noexcept
    #####:   77:    { return static_cast<_Tp&&>(__t); }
    %%%%%:   77-block  0
------------------
        -:   78:
        -:   79:  /**
        -:   80:   *  @brief  Forward an rvalue.
        -:   81:   *  @return The parameter cast to the specified type.
        -:   82:   *
        -:   83:   *  This function is used to implement "perfect forwarding".
        -:   84:   */
        -:   85:  template<typename _Tp>
        -:   86:    constexpr _Tp&&
        -:   87:    forward(typename std::remove_reference<_Tp>::type&& __t) noexcept
        -:   88:    {
        -:   89:      static_assert(!std::is_lvalue_reference<_Tp>::value, "template argument"
        -:   90:		    " substituting _Tp is an lvalue reference type");
        -:   91:      return static_cast<_Tp&&>(__t);
        -:   92:    }
        -:   93:
        -:   94:  /**
        -:   95:   *  @brief  Convert a value to an rvalue.
        -:   96:   *  @param  __t  A thing of arbitrary type.
        -:   97:   *  @return The parameter cast to an rvalue-reference to allow moving it.
        -:   98:  */
        -:   99:  template<typename _Tp>
        -:  100:    constexpr typename std::remove_reference<_Tp>::type&&
     127*:  101:    move(_Tp&& __t) noexcept
     127*:  102:    { return static_cast<typename std::remove_reference<_Tp>::type&&>(__t); }
------------------
_ZSt4moveIRiEONSt16remove_referenceIT_E4typeEOS2_:
function _ZSt4moveIRiEONSt16remove_referenceIT_E4typeEOS2_ called 23 returned 100% blocks executed 100%
       23:  101:    move(_Tp&& __t) noexcept
       23:  102:    { return static_cast<typename std::remove_reference<_Tp>::type&&>(__t); }
       23:  102-block  0
------------------
_ZSt4moveIRNSt7__cxx1112basic_stringIcSt11char_traitsIcESaIcEEEEONSt16remove_referenceIT_E4typeEOS8_:
function _ZSt4moveIRNSt7__cxx1112basic_stringIcSt11char_traitsIcESaIcEEEEONSt16remove_referenceIT_E4typeEOS8_ called 49 returned 100% blocks executed 100%
       49:  101:    move(_Tp&& __t) noexcept
       49:  102:    { return static_cast<typename std::remove_reference<_Tp>::type&&>(__t); }
       49:  102-block  0
------------------
_ZSt4moveIRbEONSt16remove_referenceIT_E4typeEOS2_:
function _ZSt4moveIRbEONSt16remove_referenceIT_E4typeEOS2_ called 0 returned 0% blocks executed 0%
    #####:  101:    move(_Tp&& __t) noexcept
    #####:  102:    { return static_cast<typename std::remove_reference<_Tp>::type&&>(__t); }
    %%%%%:  102-block  0
------------------
_ZSt4moveIRN7testing7MatcherIRKNSt7__cxx1112basic_stringIcSt11char_traitsIcESaIcEEEEEEONSt16remove_referenceIT_E4typeEOSD_:
function _ZSt4moveIRN7testing7MatcherIRKNSt7__cxx1112basic_stringIcSt11char_traitsIcESaIcEEEEEEONSt16remove_referenceIT_E4typeEOSD_ called 0 returned 0% blocks executed 0%
    #####:  101:    move(_Tp&& __t) noexcept
    #####:  102:    { return static_cast<typename std::remove_reference<_Tp>::type&&>(__t); }
    %%%%%:  102-block  0
------------------
_ZSt4moveIRSaIcEEONSt16remove_referenceIT_E4typeEOS3_:
function _ZSt4moveIRSaIcEEONSt16remove_referenceIT_E4typeEOS3_ called 0 returned 0% blocks executed 0%
    #####:  101:    move(_Tp&& __t) noexcept
    #####:  102:    { return static_cast<typename std::remove_reference<_Tp>::type&&>(__t); }
    %%%%%:  102-block  0
------------------
_ZSt4moveIRPNSt7__cxx1118basic_stringstreamIcSt11char_traitsIcESaIcEEEEONSt16remove_referenceIT_E4typeEOS9_:
function _ZSt4moveIRPNSt7__cxx1118basic_stringstreamIcSt11char_traitsIcESaIcEEEEONSt16remove_referenceIT_E4typeEOS9_ called 0 returned 0% blocks executed 0%
    #####:  101:    move(_Tp&& __t) noexcept
    #####:  102:    { return static_cast<typename std::remove_reference<_Tp>::type&&>(__t); }
    %%%%%:  102-block  0
------------------
_ZSt4moveIRPNSt7__cxx1112basic_stringIcSt11char_traitsIcESaIcEEEEONSt16remove_referenceIT_E4typeEOS9_:
function _ZSt4moveIRPNSt7__cxx1112basic_stringIcSt11char_traitsIcESaIcEEEEONSt16remove_referenceIT_E4typeEOS9_ called 0 returned 0% blocks executed 0%
    #####:  101:    move(_Tp&& __t) noexcept
    #####:  102:    { return static_cast<typename std::remove_reference<_Tp>::type&&>(__t); }
    %%%%%:  102-block  0
------------------
_ZSt4moveIRPN7testing8internal24InternalRunDeathTestFlagEEONSt16remove_referenceIT_E4typeEOS6_:
function _ZSt4moveIRPN7testing8internal24InternalRunDeathTestFlagEEONSt16remove_referenceIT_E4typeEOS6_ called 1 returned 100% blocks executed 100%
        1:  101:    move(_Tp&& __t) noexcept
        1:  102:    { return static_cast<typename std::remove_reference<_Tp>::type&&>(__t); }
        1:  102-block  0
------------------
_ZSt4moveIRZN7testing8internal23InsertSyntheticTestCaseERKNSt7__cxx1112basic_stringIcSt11char_traitsIcESaIcEEENS1_12CodeLocationEbEUlvE_EONSt16remove_referenceIT_E4typeEOSE_:
function _ZSt4moveIRZN7testing8internal23InsertSyntheticTestCaseERKNSt7__cxx1112basic_stringIcSt11char_traitsIcESaIcEEENS1_12CodeLocationEbEUlvE_EONSt16remove_referenceIT_E4typeEOSE_ called 0 returned 0% blocks executed 0%
    #####:  101:    move(_Tp&& __t) noexcept
    #####:  102:    { return static_cast<typename std::remove_reference<_Tp>::type&&>(__t); }
    %%%%%:  102-block  0
------------------
_ZSt4moveIRZN7testing8internal34TypeParameterizedTestSuiteRegistry22CheckForInstantiationsEvEUlvE_EONSt16remove_referenceIT_E4typeEOS6_:
function _ZSt4moveIRZN7testing8internal34TypeParameterizedTestSuiteRegistry22CheckForInstantiationsEvEUlvE_EONSt16remove_referenceIT_E4typeEOS6_ called 0 returned 0% blocks executed 0%
    #####:  101:    move(_Tp&& __t) noexcept
    #####:  102:    { return static_cast<typename std::remove_reference<_Tp>::type&&>(__t); }
    %%%%%:  102-block  0
------------------
_ZSt4moveIRyEONSt16remove_referenceIT_E4typeEOS2_:
function _ZSt4moveIRyEONSt16remove_referenceIT_E4typeEOS2_ called 0 returned 0% blocks executed 0%
    #####:  101:    move(_Tp&& __t) noexcept
    #####:  102:    { return static_cast<typename std::remove_reference<_Tp>::type&&>(__t); }
    %%%%%:  102-block  0
------------------
_ZSt4moveIRSt4pairIcPKcEEONSt16remove_referenceIT_E4typeEOS6_:
function _ZSt4moveIRSt4pairIcPKcEEONSt16remove_referenceIT_E4typeEOS6_ called 0 returned 0% blocks executed 0%
    #####:  101:    move(_Tp&& __t) noexcept
    #####:  102:    { return static_cast<typename std::remove_reference<_Tp>::type&&>(__t); }
    %%%%%:  102-block  0
------------------
_ZSt4moveIRNSt7__cxx114listISt4pairIcPKcESaIS5_EEEEONSt16remove_referenceIT_E4typeEOSA_:
function _ZSt4moveIRNSt7__cxx114listISt4pairIcPKcESaIS5_EEEEONSt16remove_referenceIT_E4typeEOSA_ called 0 returned 0% blocks executed 0%
    #####:  101:    move(_Tp&& __t) noexcept
    #####:  102:    { return static_cast<typename std::remove_reference<_Tp>::type&&>(__t); }
    %%%%%:  102-block  0
------------------
_ZSt4moveIRPN7testing8internal14GTestFlagSaverEEONSt16remove_referenceIT_E4typeEOS6_:
function _ZSt4moveIRPN7testing8internal14GTestFlagSaverEEONSt16remove_referenceIT_E4typeEOS6_ called 18 returned 100% blocks executed 100%
       18:  101:    move(_Tp&& __t) noexcept
       18:  102:    { return static_cast<typename std::remove_reference<_Tp>::type&&>(__t); }
       18:  102-block  0
------------------
_ZSt4moveIRPKNSt7__cxx1112basic_stringIcSt11char_traitsIcESaIcEEEEONSt16remove_referenceIT_E4typeEOSA_:
function _ZSt4moveIRPKNSt7__cxx1112basic_stringIcSt11char_traitsIcESaIcEEEEONSt16remove_referenceIT_E4typeEOSA_ called 0 returned 0% blocks executed 0%
    #####:  101:    move(_Tp&& __t) noexcept
    #####:  102:    { return static_cast<typename std::remove_reference<_Tp>::type&&>(__t); }
    %%%%%:  102-block  0
------------------
_ZSt4moveIRN7testing8internal9TraceInfoEEONSt16remove_referenceIT_E4typeEOS5_:
function _ZSt4moveIRN7testing8internal9TraceInfoEEONSt16remove_referenceIT_E4typeEOS5_ called 0 returned 0% blocks executed 0%
    #####:  101:    move(_Tp&& __t) noexcept
    #####:  102:    { return static_cast<typename std::remove_reference<_Tp>::type&&>(__t); }
    %%%%%:  102-block  0
------------------
_ZSt4moveIRPN7testing8internal16DeathTestFactoryEEONSt16remove_referenceIT_E4typeEOS6_:
function _ZSt4moveIRPN7testing8internal16DeathTestFactoryEEONSt16remove_referenceIT_E4typeEOS6_ called 0 returned 0% blocks executed 0%
    #####:  101:    move(_Tp&& __t) noexcept
    #####:  102:    { return static_cast<typename std::remove_reference<_Tp>::type&&>(__t); }
    %%%%%:  102-block  0
------------------
_ZSt4moveIRPN7testing9TestSuiteEEONSt16remove_referenceIT_E4typeEOS5_:
function _ZSt4moveIRPN7testing9TestSuiteEEONSt16remove_referenceIT_E4typeEOS5_ called 0 returned 0% blocks executed 0%
    #####:  101:    move(_Tp&& __t) noexcept
    #####:  102:    { return static_cast<typename std::remove_reference<_Tp>::type&&>(__t); }
    %%%%%:  102-block  0
------------------
_ZSt4moveIRPN7testing8internal19ThreadWithParamBase8RunnableEEONSt16remove_referenceIT_E4typeEOS7_:
function _ZSt4moveIRPN7testing8internal19ThreadWithParamBase8RunnableEEONSt16remove_referenceIT_E4typeEOS7_ called 0 returned 0% blocks executed 0%
    #####:  101:    move(_Tp&& __t) noexcept
    #####:  102:    { return static_cast<typename std::remove_reference<_Tp>::type&&>(__t); }
    %%%%%:  102-block  0
------------------
_ZSt4moveIRPN7testing8internal12_GLOBAL__N_122ThreadWithParamSupport15ThreadMainParamEEONSt16remove_referenceIT_E4typeEOS8_:
function _ZSt4moveIRPN7testing8internal12_GLOBAL__N_122ThreadWithParamSupport15ThreadMainParamEEONSt16remove_referenceIT_E4typeEOS8_ called 0 returned 0% blocks executed 0%
    #####:  101:    move(_Tp&& __t) noexcept
    #####:  102:    { return static_cast<typename std::remove_reference<_Tp>::type&&>(__t); }
    %%%%%:  102-block  0
------------------
_ZSt4moveIRN7testing8internal17TestPropertyKeyIsEEONSt16remove_referenceIT_E4typeEOS5_:
function _ZSt4moveIRN7testing8internal17TestPropertyKeyIsEEONSt16remove_referenceIT_E4typeEOS5_ called 0 returned 0% blocks executed 0%
    #####:  101:    move(_Tp&& __t) noexcept
    #####:  102:    { return static_cast<typename std::remove_reference<_Tp>::type&&>(__t); }
    %%%%%:  102-block  0
------------------
_ZSt4moveIRPN7testing8internal11ThreadLocalIPNS0_31TestPartResultReporterInterfaceEE18ValueHolderFactoryEEONSt16remove_referenceIT_E4typeEOSA_:
function _ZSt4moveIRPN7testing8internal11ThreadLocalIPNS0_31TestPartResultReporterInterfaceEE18ValueHolderFactoryEEONSt16remove_referenceIT_E4typeEOSA_ called 0 returned 0% blocks executed 0%
    #####:  101:    move(_Tp&& __t) noexcept
    #####:  102:    { return static_cast<typename std::remove_reference<_Tp>::type&&>(__t); }
    %%%%%:  102-block  0
------------------
_ZSt4moveIRPN7testing8internal11ThreadLocalISt6vectorINS1_9TraceInfoESaIS4_EEE18ValueHolderFactoryEEONSt16remove_referenceIT_E4typeEOSC_:
function _ZSt4moveIRPN7testing8internal11ThreadLocalISt6vectorINS1_9TraceInfoESaIS4_EEE18ValueHolderFactoryEEONSt16remove_referenceIT_E4typeEOSC_ called 0 returned 0% blocks executed 0%
    #####:  101:    move(_Tp&& __t) noexcept
    #####:  102:    { return static_cast<typename std::remove_reference<_Tp>::type&&>(__t); }
    %%%%%:  102-block  0
------------------
_ZSt4moveIRN7testing8internal15TestSuiteNameIsEEONSt16remove_referenceIT_E4typeEOS5_:
function _ZSt4moveIRN7testing8internal15TestSuiteNameIsEEONSt16remove_referenceIT_E4typeEOS5_ called 36 returned 100% blocks executed 100%
       36:  101:    move(_Tp&& __t) noexcept
       36:  102:    { return static_cast<typename std::remove_reference<_Tp>::type&&>(__t); }
       36:  102-block  0
------------------
_ZSt4moveIRSt14default_deleteINSt7__cxx1112basic_stringIcSt11char_traitsIcESaIcEEEEEONSt16remove_referenceIT_E4typeEOSA_:
function _ZSt4moveIRSt14default_deleteINSt7__cxx1112basic_stringIcSt11char_traitsIcESaIcEEEEEONSt16remove_referenceIT_E4typeEOSA_ called 0 returned 0% blocks executed 0%
    #####:  101:    move(_Tp&& __t) noexcept
    #####:  102:    { return static_cast<typename std::remove_reference<_Tp>::type&&>(__t); }
    %%%%%:  102-block  0
------------------
_ZSt4moveIRN7testing8internal13edit_distance8EditTypeEEONSt16remove_referenceIT_E4typeEOS6_:
function _ZSt4moveIRN7testing8internal13edit_distance8EditTypeEEONSt16remove_referenceIT_E4typeEOS6_ called 0 returned 0% blocks executed 0%
    #####:  101:    move(_Tp&& __t) noexcept
    #####:  102:    { return static_cast<typename std::remove_reference<_Tp>::type&&>(__t); }
    %%%%%:  102-block  0
------------------
_ZSt4moveIRSt10shared_ptrIN7testing8internal26ThreadLocalValueHolderBaseEEEONSt16remove_referenceIT_E4typeEOS7_:
function _ZSt4moveIRSt10shared_ptrIN7testing8internal26ThreadLocalValueHolderBaseEEEONSt16remove_referenceIT_E4typeEOS7_ called 0 returned 0% blocks executed 0%
    #####:  101:    move(_Tp&& __t) noexcept
    #####:  102:    { return static_cast<typename std::remove_reference<_Tp>::type&&>(__t); }
    %%%%%:  102-block  0
------------------
_ZSt4moveIRN7testing8internal9EqMatcherINSt7__cxx1112basic_stringIcSt11char_traitsIcESaIcEEEEEEONSt16remove_referenceIT_E4typeEOSC_:
function _ZSt4moveIRN7testing8internal9EqMatcherINSt7__cxx1112basic_stringIcSt11char_traitsIcESaIcEEEEEEONSt16remove_referenceIT_E4typeEOSC_ called 0 returned 0% blocks executed 0%
    #####:  101:    move(_Tp&& __t) noexcept
    #####:  102:    { return static_cast<typename std::remove_reference<_Tp>::type&&>(__t); }
    %%%%%:  102-block  0
------------------
_ZSt4moveIRN7testing14TestPartResultEEONSt16remove_referenceIT_E4typeEOS4_:
function _ZSt4moveIRN7testing14TestPartResultEEONSt16remove_referenceIT_E4typeEOS4_ called 0 returned 0% blocks executed 0%
    #####:  101:    move(_Tp&& __t) noexcept
    #####:  102:    { return static_cast<typename std::remove_reference<_Tp>::type&&>(__t); }
    %%%%%:  102-block  0
------------------
_ZSt4moveIRN7testing12TestPropertyEEONSt16remove_referenceIT_E4typeEOS4_:
function _ZSt4moveIRN7testing12TestPropertyEEONSt16remove_referenceIT_E4typeEOS4_ called 0 returned 0% blocks executed 0%
    #####:  101:    move(_Tp&& __t) noexcept
    #####:  102:    { return static_cast<typename std::remove_reference<_Tp>::type&&>(__t); }
    %%%%%:  102-block  0
------------------
        -:  103:
        -:  104:
        -:  105:  template<typename _Tp>
        -:  106:    struct __move_if_noexcept_cond
        -:  107:    : public __and_<__not_<is_nothrow_move_constructible<_Tp>>,
        -:  108:                    is_copy_constructible<_Tp>>::type { };
        -:  109:
        -:  110:  /**
        -:  111:   *  @brief  Conditionally convert a value to an rvalue.
        -:  112:   *  @param  __x  A thing of arbitrary type.
        -:  113:   *  @return The parameter, possibly cast to an rvalue-reference.
        -:  114:   *
        -:  115:   *  Same as std::move unless the type's move constructor could throw and the
        -:  116:   *  type is copyable, in which case an lvalue-reference is returned instead.
        -:  117:   */
        -:  118:  template<typename _Tp>
        -:  119:    constexpr typename
        -:  120:    conditional<__move_if_noexcept_cond<_Tp>::value, const _Tp&, _Tp&&>::type
        -:  121:    move_if_noexcept(_Tp& __x) noexcept
        -:  122:    { return std::move(__x); }
        -:  123:
        -:  124:  // declval, from type_traits.
        -:  125:
        -:  126:#if __cplusplus > 201402L
        -:  127:  // _GLIBCXX_RESOLVE_LIB_DEFECTS
        -:  128:  // 2296. std::addressof should be constexpr
        -:  129:# define __cpp_lib_addressof_constexpr 201603
        -:  130:#endif
        -:  131:  /**
        -:  132:   *  @brief Returns the actual address of the object or function
        -:  133:   *         referenced by r, even in the presence of an overloaded
        -:  134:   *         operator&.
        -:  135:   *  @param  __r  Reference to an object or function.
        -:  136:   *  @return   The actual address.
        -:  137:  */
        -:  138:  template<typename _Tp>
        -:  139:    inline _GLIBCXX17_CONSTEXPR _Tp*
        -:  140:    addressof(_Tp& __r) noexcept
        -:  141:    { return std::__addressof(__r); }
        -:  142:
        -:  143:  // _GLIBCXX_RESOLVE_LIB_DEFECTS
        -:  144:  // 2598. addressof works on temporaries
        -:  145:  template<typename _Tp>
        -:  146:    const _Tp* addressof(const _Tp&&) = delete;
        -:  147:
        -:  148:  // C++11 version of std::exchange for internal use.
        -:  149:  template <typename _Tp, typename _Up = _Tp>
        -:  150:    _GLIBCXX20_CONSTEXPR
        -:  151:    inline _Tp
        -:  152:    __exchange(_Tp& __obj, _Up&& __new_val)
        -:  153:    {
        -:  154:      _Tp __old_val = std::move(__obj);
        -:  155:      __obj = std::forward<_Up>(__new_val);
        -:  156:      return __old_val;
        -:  157:    }
        -:  158:
        -:  159:  /// @} group utilities
        -:  160:
        -:  161:#define _GLIBCXX_MOVE(__val) std::move(__val)
        -:  162:#define _GLIBCXX_FORWARD(_Tp, __val) std::forward<_Tp>(__val)
        -:  163:#else
        -:  164:#define _GLIBCXX_MOVE(__val) (__val)
        -:  165:#define _GLIBCXX_FORWARD(_Tp, __val) (__val)
        -:  166:#endif
        -:  167:
        -:  168:  /**
        -:  169:   *  @addtogroup utilities
        -:  170:   *  @{
        -:  171:   */
        -:  172:
        -:  173:  /**
        -:  174:   *  @brief Swaps two values.
        -:  175:   *  @param  __a  A thing of arbitrary type.
        -:  176:   *  @param  __b  Another thing of arbitrary type.
        -:  177:   *  @return   Nothing.
        -:  178:  */
        -:  179:  template<typename _Tp>
        -:  180:    _GLIBCXX20_CONSTEXPR
        -:  181:    inline
        -:  182:#if __cplusplus >= 201103L
        -:  183:    typename enable_if<__and_<__not_<__is_tuple_like<_Tp>>,
        -:  184:			      is_move_constructible<_Tp>,
        -:  185:			      is_move_assignable<_Tp>>::value>::type
        -:  186:#else
        -:  187:    void
        -:  188:#endif
    #####:  189:    swap(_Tp& __a, _Tp& __b)
        -:  190:    _GLIBCXX_NOEXCEPT_IF(__and_<is_nothrow_move_constructible<_Tp>,
        -:  191:				is_nothrow_move_assignable<_Tp>>::value)
        -:  192:    {
        -:  193:#if __cplusplus < 201103L
        -:  194:      // concept requirements
        -:  195:      __glibcxx_function_requires(_SGIAssignableConcept<_Tp>)
        -:  196:#endif
    #####:  197:      _Tp __tmp = _GLIBCXX_MOVE(__a);
    #####:  198:      __a = _GLIBCXX_MOVE(__b);
    #####:  199:      __b = _GLIBCXX_MOVE(__tmp);
    #####:  200:    }
------------------
_ZSt4swapIN7testing8internal13edit_distance8EditTypeEENSt9enable_ifIXsrSt6__and_IJSt6__not_ISt15__is_tuple_likeIT_EESt21is_move_constructibleIS8_ESt18is_move_assignableIS8_EEE5valueEvE4typeERS8_SI_:
function _ZSt4swapIN7testing8internal13edit_distance8EditTypeEENSt9enable_ifIXsrSt6__and_IJSt6__not_ISt15__is_tuple_likeIT_EESt21is_move_constructibleIS8_ESt18is_move_assignableIS8_EEE5valueEvE4typeERS8_SI_ called 0 returned 0% blocks executed 0%
    #####:  189:    swap(_Tp& __a, _Tp& __b)
        -:  190:    _GLIBCXX_NOEXCEPT_IF(__and_<is_nothrow_move_constructible<_Tp>,
        -:  191:				is_nothrow_move_assignable<_Tp>>::value)
        -:  192:    {
        -:  193:#if __cplusplus < 201103L
        -:  194:      // concept requirements
        -:  195:      __glibcxx_function_requires(_SGIAssignableConcept<_Tp>)
        -:  196:#endif
    #####:  197:      _Tp __tmp = _GLIBCXX_MOVE(__a);
    %%%%%:  197-block  0
call    0 never executed
    #####:  198:      __a = _GLIBCXX_MOVE(__b);
call    0 never executed
    #####:  199:      __b = _GLIBCXX_MOVE(__tmp);
call    0 never executed
    #####:  200:    }
------------------
_ZSt4swapISt14default_deleteINSt7__cxx1112basic_stringIcSt11char_traitsIcESaIcEEEEENSt9enable_ifIXsrSt6__and_IJSt6__not_ISt15__is_tuple_likeIT_EESt21is_move_constructibleISC_ESt18is_move_assignableISC_EEE5valueEvE4typeERSC_SM_:
function _ZSt4swapISt14default_deleteINSt7__cxx1112basic_stringIcSt11char_traitsIcESaIcEEEEENSt9enable_ifIXsrSt6__and_IJSt6__not_ISt15__is_tuple_likeIT_EESt21is_move_constructibleISC_ESt18is_move_assignableISC_EEE5valueEvE4typeERSC_SM_ called 0 returned 0% blocks executed 0%
    #####:  189:    swap(_Tp& __a, _Tp& __b)
        -:  190:    _GLIBCXX_NOEXCEPT_IF(__and_<is_nothrow_move_constructible<_Tp>,
        -:  191:				is_nothrow_move_assignable<_Tp>>::value)
        -:  192:    {
        -:  193:#if __cplusplus < 201103L
        -:  194:      // concept requirements
        -:  195:      __glibcxx_function_requires(_SGIAssignableConcept<_Tp>)
        -:  196:#endif
    #####:  197:      _Tp __tmp = _GLIBCXX_MOVE(__a);
    %%%%%:  197-block  0
call    0 never executed
    #####:  198:      __a = _GLIBCXX_MOVE(__b);
call    0 never executed
    #####:  199:      __b = _GLIBCXX_MOVE(__tmp);
call    0 never executed
    #####:  200:    }
------------------
_ZSt4swapIPNSt7__cxx1112basic_stringIcSt11char_traitsIcESaIcEEEENSt9enable_ifIXsrSt6__and_IJSt6__not_ISt15__is_tuple_likeIT_EESt21is_move_constructibleISB_ESt18is_move_assignableISB_EEE5valueEvE4typeERSB_SL_:
function _ZSt4swapIPNSt7__cxx1112basic_stringIcSt11char_traitsIcESaIcEEEENSt9enable_ifIXsrSt6__and_IJSt6__not_ISt15__is_tuple_likeIT_EESt21is_move_constructibleISB_ESt18is_move_assignableISB_EEE5valueEvE4typeERSB_SL_ called 0 returned 0% blocks executed 0%
    #####:  189:    swap(_Tp& __a, _Tp& __b)
        -:  190:    _GLIBCXX_NOEXCEPT_IF(__and_<is_nothrow_move_constructible<_Tp>,
        -:  191:				is_nothrow_move_assignable<_Tp>>::value)
        -:  192:    {
        -:  193:#if __cplusplus < 201103L
        -:  194:      // concept requirements
        -:  195:      __glibcxx_function_requires(_SGIAssignableConcept<_Tp>)
        -:  196:#endif
    #####:  197:      _Tp __tmp = _GLIBCXX_MOVE(__a);
    %%%%%:  197-block  0
call    0 never executed
    #####:  198:      __a = _GLIBCXX_MOVE(__b);
call    0 never executed
    #####:  199:      __b = _GLIBCXX_MOVE(__tmp);
call    0 never executed
    #####:  200:    }
------------------
_ZSt4swapIiENSt9enable_ifIXsrSt6__and_IJSt6__not_ISt15__is_tuple_likeIT_EESt21is_move_constructibleIS4_ESt18is_move_assignableIS4_EEE5valueEvE4typeERS4_SE_:
function _ZSt4swapIiENSt9enable_ifIXsrSt6__and_IJSt6__not_ISt15__is_tuple_likeIT_EESt21is_move_constructibleIS4_ESt18is_move_assignableIS4_EEE5valueEvE4typeERS4_SE_ called 0 returned 0% blocks executed 0%
    #####:  189:    swap(_Tp& __a, _Tp& __b)
        -:  190:    _GLIBCXX_NOEXCEPT_IF(__and_<is_nothrow_move_constructible<_Tp>,
        -:  191:				is_nothrow_move_assignable<_Tp>>::value)
        -:  192:    {
        -:  193:#if __cplusplus < 201103L
        -:  194:      // concept requirements
        -:  195:      __glibcxx_function_requires(_SGIAssignableConcept<_Tp>)
        -:  196:#endif
    #####:  197:      _Tp __tmp = _GLIBCXX_MOVE(__a);
    %%%%%:  197-block  0
call    0 never executed
    #####:  198:      __a = _GLIBCXX_MOVE(__b);
call    0 never executed
    #####:  199:      __b = _GLIBCXX_MOVE(__tmp);
call    0 never executed
    #####:  200:    }
------------------
_ZSt4swapIbENSt9enable_ifIXsrSt6__and_IJSt6__not_ISt15__is_tuple_likeIT_EESt21is_move_constructibleIS4_ESt18is_move_assignableIS4_EEE5valueEvE4typeERS4_SE_:
function _ZSt4swapIbENSt9enable_ifIXsrSt6__and_IJSt6__not_ISt15__is_tuple_likeIT_EESt21is_move_constructibleIS4_ESt18is_move_assignableIS4_EEE5valueEvE4typeERS4_SE_ called 0 returned 0% blocks executed 0%
    #####:  189:    swap(_Tp& __a, _Tp& __b)
        -:  190:    _GLIBCXX_NOEXCEPT_IF(__and_<is_nothrow_move_constructible<_Tp>,
        -:  191:				is_nothrow_move_assignable<_Tp>>::value)
        -:  192:    {
        -:  193:#if __cplusplus < 201103L
        -:  194:      // concept requirements
        -:  195:      __glibcxx_function_requires(_SGIAssignableConcept<_Tp>)
        -:  196:#endif
    #####:  197:      _Tp __tmp = _GLIBCXX_MOVE(__a);
    %%%%%:  197-block  0
call    0 never executed
    #####:  198:      __a = _GLIBCXX_MOVE(__b);
call    0 never executed
    #####:  199:      __b = _GLIBCXX_MOVE(__tmp);
call    0 never executed
    #####:  200:    }
------------------
        -:  201:
        -:  202:  // _GLIBCXX_RESOLVE_LIB_DEFECTS
        -:  203:  // DR 809. std::swap should be overloaded for array types.
        -:  204:  /// Swap the contents of two arrays.
        -:  205:  template<typename _Tp, size_t _Nm>
        -:  206:    _GLIBCXX20_CONSTEXPR
        -:  207:    inline
        -:  208:#if __cplusplus >= 201103L
        -:  209:    typename enable_if<__is_swappable<_Tp>::value>::type
        -:  210:#else
        -:  211:    void
        -:  212:#endif
        -:  213:    swap(_Tp (&__a)[_Nm], _Tp (&__b)[_Nm])
        -:  214:    _GLIBCXX_NOEXCEPT_IF(__is_nothrow_swappable<_Tp>::value)
        -:  215:    {
        -:  216:      for (size_t __n = 0; __n < _Nm; ++__n)
        -:  217:	swap(__a[__n], __b[__n]);
        -:  218:    }
        -:  219:
        -:  220:  /// @} group utilities
        -:  221:_GLIBCXX_END_NAMESPACE_VERSION
        -:  222:} // namespace
        -:  223:
        -:  224:#endif /* _MOVE_H */
